<?xml version="1.0" encoding="UTF-8"?>
<robot generator="Robot 4.1 (Python 3.9.6 on win32)" generated="20211125 12:49:00.591" rpa="false" schemaversion="2">
<suite id="s1" name="Apna" source="C:\Users\user\PycharmProjects\Apna\Tests\apna.robot">
<test id="s1-t1" name="Launch the apna application and fill user details">
<kw name="Opens apna application" library="apna login">
<kw name="Open Application" library="AppiumLibrary">
<arg>${URL}</arg>
<arg>platformName=${Platform_Name}</arg>
<arg>platformVersion=${Platform_Version}</arg>
<arg>deviceName=${Device_Name}</arg>
<arg>app=${app_path}</arg>
<doc>Opens a new application to given Appium server.
Capabilities of appium server, Android and iOS,
Please check https://github.com/appium/appium/blob/master/docs/en/writing-running-appium/server-args.md
| *Option*            | *Man.* | *Description*     |
| remote_url          | Yes    | Appium server url |
| alias               | no     | alias             |</doc>
<status status="PASS" starttime="20211125 12:49:01.107" endtime="20211125 12:49:21.978"/>
</kw>
<status status="PASS" starttime="20211125 12:49:01.107" endtime="20211125 12:49:21.978"/>
</kw>
<kw name="Select None of the above option" library="apna login">
<kw name="Wait for text on Screen and click Text" library="apna common">
<arg>NONE OF THE ABOVE</arg>
<kw name="Wait Until Page Contains" library="AppiumLibrary">
<arg>${text}</arg>
<arg>timeout=30s</arg>
<doc>Waits until `text` appears on current page.</doc>
<status status="PASS" starttime="20211125 12:49:21.981" endtime="20211125 12:49:25.408"/>
</kw>
<kw name="Click Text" library="AppiumLibrary">
<arg>${text}</arg>
<arg>timeout=30s</arg>
<doc>Click text identified by ``text``.</doc>
<status status="PASS" starttime="20211125 12:49:25.408" endtime="20211125 12:49:27.756"/>
</kw>
<status status="PASS" starttime="20211125 12:49:21.980" endtime="20211125 12:49:27.757"/>
</kw>
<status status="PASS" starttime="20211125 12:49:21.979" endtime="20211125 12:49:27.758"/>
</kw>
<kw name="Then Enter mobile number and click next" library="apna login">
<kw name="Wait for text on Screen and click Text" library="apna common">
<arg>${mobile}</arg>
<kw name="Wait Until Page Contains" library="AppiumLibrary">
<arg>${text}</arg>
<arg>timeout=30s</arg>
<doc>Waits until `text` appears on current page.</doc>
<status status="PASS" starttime="20211125 12:49:27.764" endtime="20211125 12:49:29.994"/>
</kw>
<kw name="Click Text" library="AppiumLibrary">
<arg>${text}</arg>
<arg>timeout=30s</arg>
<doc>Click text identified by ``text``.</doc>
<status status="PASS" starttime="20211125 12:49:29.994" endtime="20211125 12:49:30.633"/>
</kw>
<status status="PASS" starttime="20211125 12:49:27.763" endtime="20211125 12:49:30.633"/>
</kw>
<kw name="Wait for Element on Screen" library="apna common">
<arg>${mobile number}</arg>
<kw name="Wait Until Page Contains Element" library="AppiumLibrary">
<arg>${element}</arg>
<arg>timeout=30s</arg>
<doc>Waits until element specified with `locator` appears on current page.</doc>
<status status="PASS" starttime="20211125 12:49:30.634" endtime="20211125 12:49:30.738"/>
</kw>
<status status="PASS" starttime="20211125 12:49:30.633" endtime="20211125 12:49:30.738"/>
</kw>
<kw name="Input Text" library="AppiumLibrary">
<arg>${mobile number}</arg>
<arg>${number}</arg>
<doc>Types the given `text` into text field identified by `locator`.</doc>
<msg timestamp="20211125 12:49:30.748" level="INFO">Typing text '9878620584' into text field 'id=et_login_number'</msg>
<status status="PASS" starttime="20211125 12:49:30.739" endtime="20211125 12:49:31.871"/>
</kw>
<kw name="Click Element" library="AppiumLibrary">
<arg>${next}</arg>
<doc>Click element identified by `locator`.</doc>
<msg timestamp="20211125 12:49:31.882" level="INFO">Clicking element 'id=btn_send'.</msg>
<status status="PASS" starttime="20211125 12:49:31.871" endtime="20211125 12:49:32.449"/>
</kw>
<status status="PASS" starttime="20211125 12:49:27.762" endtime="20211125 12:49:32.450"/>
</kw>
<kw name="Enter the otp and click next" library="apna login">
<kw name="Wait for text on Screen and Input Text" library="apna common">
<arg>${otp}</arg>
<arg>${otp_1}</arg>
<arg>9</arg>
<kw name="Wait Until Page Contains" library="AppiumLibrary">
<arg>${text}</arg>
<arg>timeout=30s</arg>
<doc>Waits until `text` appears on current page.</doc>
<status status="PASS" starttime="20211125 12:49:32.454" endtime="20211125 12:49:36.020"/>
</kw>
<kw name="Input Text" library="AppiumLibrary">
<arg>${number}</arg>
<arg>timeout=30s</arg>
<doc>Types the given `text` into text field identified by `locator`.</doc>
<msg timestamp="20211125 12:49:36.027" level="INFO">Typing text 'timeout=30s' into text field 'id=et_otp1'</msg>
<status status="PASS" starttime="20211125 12:49:36.020" endtime="20211125 12:49:36.976"/>
</kw>
<status status="PASS" starttime="20211125 12:49:32.453" endtime="20211125 12:49:36.977"/>
</kw>
<kw name="Wait for text on Screen and Input Text" library="apna common">
<arg>${otp}</arg>
<arg>${otp_2}</arg>
<arg>6</arg>
<kw name="Wait Until Page Contains" library="AppiumLibrary">
<arg>${text}</arg>
<arg>timeout=30s</arg>
<doc>Waits until `text` appears on current page.</doc>
<status status="PASS" starttime="20211125 12:49:36.978" endtime="20211125 12:49:37.240"/>
</kw>
<kw name="Input Text" library="AppiumLibrary">
<arg>${number}</arg>
<arg>timeout=30s</arg>
<doc>Types the given `text` into text field identified by `locator`.</doc>
<msg timestamp="20211125 12:49:37.250" level="INFO">Typing text 'timeout=30s' into text field 'id=et_otp2'</msg>
<status status="PASS" starttime="20211125 12:49:37.241" endtime="20211125 12:49:37.977"/>
</kw>
<status status="PASS" starttime="20211125 12:49:36.977" endtime="20211125 12:49:37.978"/>
</kw>
<kw name="Wait for text on Screen and Input Text" library="apna common">
<arg>${otp}</arg>
<arg>${otp_3}</arg>
<arg>2</arg>
<kw name="Wait Until Page Contains" library="AppiumLibrary">
<arg>${text}</arg>
<arg>timeout=30s</arg>
<doc>Waits until `text` appears on current page.</doc>
<status status="PASS" starttime="20211125 12:49:37.979" endtime="20211125 12:49:38.220"/>
</kw>
<kw name="Input Text" library="AppiumLibrary">
<arg>${number}</arg>
<arg>timeout=30s</arg>
<doc>Types the given `text` into text field identified by `locator`.</doc>
<msg timestamp="20211125 12:49:38.227" level="INFO">Typing text 'timeout=30s' into text field 'id=et_otp3'</msg>
<status status="PASS" starttime="20211125 12:49:38.220" endtime="20211125 12:49:38.972"/>
</kw>
<status status="PASS" starttime="20211125 12:49:37.978" endtime="20211125 12:49:38.973"/>
</kw>
<kw name="Wait for text on Screen and Input Text" library="apna common">
<arg>${otp}</arg>
<arg>${otp_4}</arg>
<arg>5</arg>
<kw name="Wait Until Page Contains" library="AppiumLibrary">
<arg>${text}</arg>
<arg>timeout=30s</arg>
<doc>Waits until `text` appears on current page.</doc>
<status status="PASS" starttime="20211125 12:49:38.974" endtime="20211125 12:49:39.195"/>
</kw>
<kw name="Input Text" library="AppiumLibrary">
<arg>${number}</arg>
<arg>timeout=30s</arg>
<doc>Types the given `text` into text field identified by `locator`.</doc>
<msg timestamp="20211125 12:49:39.204" level="INFO">Typing text 'timeout=30s' into text field 'id=et_otp4'</msg>
<status status="PASS" starttime="20211125 12:49:39.195" endtime="20211125 12:49:40.067"/>
</kw>
<status status="PASS" starttime="20211125 12:49:38.973" endtime="20211125 12:49:40.067"/>
</kw>
<status status="PASS" starttime="20211125 12:49:32.452" endtime="20211125 12:49:40.068"/>
</kw>
<status status="PASS" starttime="20211125 12:49:01.106" endtime="20211125 12:49:40.069"/>
</test>
<test id="s1-t2" name="Then Choose language of your choice and proceed">
<kw name="Then Choose language and give next" library="apna login">
<kw name="Wait for text on Screen" library="apna common">
<arg>${choose language}</arg>
<kw name="Wait Until Page Contains" library="AppiumLibrary">
<arg>${text}</arg>
<arg>timeout=30s</arg>
<doc>Waits until `text` appears on current page.</doc>
<status status="PASS" starttime="20211125 12:49:40.074" endtime="20211125 12:49:49.710"/>
</kw>
<status status="PASS" starttime="20211125 12:49:40.072" endtime="20211125 12:49:49.710"/>
</kw>
<kw name="Click Text" library="AppiumLibrary">
<arg>${language}</arg>
<doc>Click text identified by ``text``.</doc>
<status status="PASS" starttime="20211125 12:49:49.710" endtime="20211125 12:49:51.300"/>
</kw>
<kw name="Click Element" library="AppiumLibrary">
<arg>${continue}</arg>
<doc>Click element identified by `locator`.</doc>
<msg timestamp="20211125 12:49:51.312" level="INFO">Clicking element 'id=btn_continue'.</msg>
<status status="PASS" starttime="20211125 12:49:51.300" endtime="20211125 12:49:51.989"/>
</kw>
<status status="PASS" starttime="20211125 12:49:40.072" endtime="20211125 12:49:51.990"/>
</kw>
<kw name="Enter Visiting card details by clicking letsgo option" library="apna login">
<kw name="Wait for text on Screen and click Text" library="apna common">
<arg>${lets go}</arg>
<kw name="Wait Until Page Contains" library="AppiumLibrary">
<arg>${text}</arg>
<arg>timeout=30s</arg>
<doc>Waits until `text` appears on current page.</doc>
<status status="PASS" starttime="20211125 12:49:51.993" endtime="20211125 12:49:55.555"/>
</kw>
<kw name="Click Text" library="AppiumLibrary">
<arg>${text}</arg>
<arg>timeout=30s</arg>
<doc>Click text identified by ``text``.</doc>
<status status="PASS" starttime="20211125 12:49:55.556" endtime="20211125 12:49:55.833"/>
</kw>
<status status="PASS" starttime="20211125 12:49:51.992" endtime="20211125 12:49:55.833"/>
</kw>
<status status="PASS" starttime="20211125 12:49:51.991" endtime="20211125 12:49:55.834"/>
</kw>
<status status="PASS" starttime="20211125 12:49:40.070" endtime="20211125 12:49:55.835"/>
</test>
<test id="s1-t3" name="Then Enter the required personal details and proceed">
<kw name="Then Enter personal details and click next" library="apna login">
<kw name="Wait for Element on Screen" library="apna common">
<arg>${enter name}</arg>
<kw name="Wait Until Page Contains Element" library="AppiumLibrary">
<arg>${element}</arg>
<arg>timeout=30s</arg>
<doc>Waits until element specified with `locator` appears on current page.</doc>
<status status="PASS" starttime="20211125 12:49:55.844" endtime="20211125 12:49:59.227"/>
</kw>
<status status="PASS" starttime="20211125 12:49:55.843" endtime="20211125 12:49:59.229"/>
</kw>
<kw name="Input Text" library="AppiumLibrary">
<arg>${enter name}</arg>
<arg>${full name}</arg>
<doc>Types the given `text` into text field identified by `locator`.</doc>
<msg timestamp="20211125 12:49:59.244" level="INFO">Typing text 'Hitha' into text field 'id=act_profile_info_et_full_name'</msg>
<status status="PASS" starttime="20211125 12:49:59.229" endtime="20211125 12:50:00.979"/>
</kw>
<kw name="Click Element" library="AppiumLibrary">
<arg>${city}</arg>
<doc>Click element identified by `locator`.</doc>
<msg timestamp="20211125 12:50:00.989" level="INFO">Clicking element 'id=act_profile_info_et_city'.</msg>
<status status="PASS" starttime="20211125 12:50:00.980" endtime="20211125 12:50:01.563"/>
</kw>
<kw name="Wait for Element on Screen" library="apna common">
<arg>${search box}</arg>
<kw name="Wait Until Page Contains Element" library="AppiumLibrary">
<arg>${element}</arg>
<arg>timeout=30s</arg>
<doc>Waits until element specified with `locator` appears on current page.</doc>
<status status="PASS" starttime="20211125 12:50:01.564" endtime="20211125 12:50:05.114"/>
</kw>
<status status="PASS" starttime="20211125 12:50:01.563" endtime="20211125 12:50:05.114"/>
</kw>
<kw name="Input Text" library="AppiumLibrary">
<arg>${enter city}</arg>
<arg>${search city}</arg>
<doc>Types the given `text` into text field identified by `locator`.</doc>
<msg timestamp="20211125 12:50:05.121" level="INFO">Typing text 'Ben' into text field 'id=search_src_text'</msg>
<status status="PASS" starttime="20211125 12:50:05.115" endtime="20211125 12:50:06.139"/>
</kw>
<kw name="Wait for Element on Screen" library="apna common">
<arg>${enter city}</arg>
<kw name="Wait Until Page Contains Element" library="AppiumLibrary">
<arg>${element}</arg>
<arg>timeout=30s</arg>
<doc>Waits until element specified with `locator` appears on current page.</doc>
<status status="PASS" starttime="20211125 12:50:06.140" endtime="20211125 12:50:06.244"/>
</kw>
<status status="PASS" starttime="20211125 12:50:06.139" endtime="20211125 12:50:06.245"/>
</kw>
<kw name="Click Text" library="AppiumLibrary">
<arg>${city name}</arg>
<doc>Click text identified by ``text``.</doc>
<status status="PASS" starttime="20211125 12:50:06.247" endtime="20211125 12:50:07.228"/>
</kw>
<kw name="Wait for text on Screen and click Text" library="apna common">
<arg>${apna}</arg>
<kw name="Wait Until Page Contains" library="AppiumLibrary">
<arg>${text}</arg>
<arg>timeout=30s</arg>
<doc>Waits until `text` appears on current page.</doc>
<status status="PASS" starttime="20211125 12:50:07.229" endtime="20211125 12:50:09.000"/>
</kw>
<kw name="Click Text" library="AppiumLibrary">
<arg>${text}</arg>
<arg>timeout=30s</arg>
<doc>Click text identified by ``text``.</doc>
<status status="PASS" starttime="20211125 12:50:09.001" endtime="20211125 12:50:10.207"/>
</kw>
<status status="PASS" starttime="20211125 12:50:07.228" endtime="20211125 12:50:10.207"/>
</kw>
<kw name="Click Element" library="AppiumLibrary">
<arg>${Job_Location}</arg>
<doc>Click element identified by `locator`.</doc>
<msg timestamp="20211125 12:50:10.215" level="INFO">Clicking element 'id=act_profile_info_et_location'.</msg>
<status status="PASS" starttime="20211125 12:50:10.208" endtime="20211125 12:50:10.291"/>
</kw>
<kw name="Wait for text on Screen" library="apna common">
<arg>${Set_Location}</arg>
<kw name="Wait Until Page Contains" library="AppiumLibrary">
<arg>${text}</arg>
<arg>timeout=30s</arg>
<doc>Waits until `text` appears on current page.</doc>
<status status="PASS" starttime="20211125 12:50:10.292" endtime="20211125 12:50:12.517"/>
</kw>
<status status="PASS" starttime="20211125 12:50:10.291" endtime="20211125 12:50:12.518"/>
</kw>
<kw name="Input Text" library="AppiumLibrary">
<arg>${Search_Location}</arg>
<arg>${Location_Name}</arg>
<doc>Types the given `text` into text field identified by `locator`.</doc>
<msg timestamp="20211125 12:50:12.529" level="INFO">Typing text 'Jaya' into text field 'id=act_select_location_etSearchLocation'</msg>
<status status="PASS" starttime="20211125 12:50:12.518" endtime="20211125 12:50:13.712"/>
</kw>
<kw name="Wait for text on Screen and click Text" library="apna common">
<arg>${Full_Location}</arg>
<kw name="Wait Until Page Contains" library="AppiumLibrary">
<arg>${text}</arg>
<arg>timeout=30s</arg>
<doc>Waits until `text` appears on current page.</doc>
<status status="PASS" starttime="20211125 12:50:13.714" endtime="20211125 12:50:15.179"/>
</kw>
<kw name="Click Text" library="AppiumLibrary">
<arg>${text}</arg>
<arg>timeout=30s</arg>
<doc>Click text identified by ``text``.</doc>
<status status="PASS" starttime="20211125 12:50:15.179" endtime="20211125 12:50:15.416"/>
</kw>
<status status="PASS" starttime="20211125 12:50:13.712" endtime="20211125 12:50:15.417"/>
</kw>
<kw name="Click Element" library="AppiumLibrary">
<arg>${gender}</arg>
<doc>Click element identified by `locator`.</doc>
<msg timestamp="20211125 12:50:15.432" level="INFO">Clicking element 'id=iv_female_tick'.</msg>
<status status="PASS" starttime="20211125 12:50:15.417" endtime="20211125 12:50:16.969"/>
</kw>
<kw name="Click Element" library="AppiumLibrary">
<arg>${proceed}</arg>
<doc>Click element identified by `locator`.</doc>
<msg timestamp="20211125 12:50:16.979" level="INFO">Clicking element 'id=act_profile_info_btn_continue'.</msg>
<status status="PASS" starttime="20211125 12:50:16.969" endtime="20211125 12:50:17.724"/>
</kw>
<status status="PASS" starttime="20211125 12:49:55.842" endtime="20211125 12:50:17.724"/>
</kw>
<status status="PASS" starttime="20211125 12:49:55.839" endtime="20211125 12:50:17.726"/>
</test>
<test id="s1-t4" name="Select Work Experience and give education details and proceed">
<kw name="Select Work Experience and click next" library="apna login">
<kw name="Wait for text on Screen and click Text" library="apna common">
<arg>${experience}</arg>
<kw name="Wait Until Page Contains" library="AppiumLibrary">
<arg>${text}</arg>
<arg>timeout=30s</arg>
<doc>Waits until `text` appears on current page.</doc>
<status status="PASS" starttime="20211125 12:50:17.731" endtime="20211125 12:50:20.929"/>
</kw>
<kw name="Click Text" library="AppiumLibrary">
<arg>${text}</arg>
<arg>timeout=30s</arg>
<doc>Click text identified by ``text``.</doc>
<status status="PASS" starttime="20211125 12:50:20.929" endtime="20211125 12:50:21.984"/>
</kw>
<status status="PASS" starttime="20211125 12:50:17.730" endtime="20211125 12:50:21.984"/>
</kw>
<kw name="Click Element" library="AppiumLibrary">
<arg>${select experience}</arg>
<doc>Click element identified by `locator`.</doc>
<msg timestamp="20211125 12:50:21.995" level="INFO">Clicking element 'id=act_education_et_total_exp'.</msg>
<status status="PASS" starttime="20211125 12:50:21.985" endtime="20211125 12:50:22.721"/>
</kw>
<kw name="Click Element At Coordinates" library="AppiumLibrary">
<arg>429</arg>
<arg>563</arg>
<doc>click element at a certain coordinate</doc>
<msg timestamp="20211125 12:50:22.731" level="INFO">Pressing at (429, 563).</msg>
<status status="PASS" starttime="20211125 12:50:22.721" endtime="20211125 12:50:23.693"/>
</kw>
<kw name="Click Element" library="AppiumLibrary">
<arg>${job title}</arg>
<doc>Click element identified by `locator`.</doc>
<msg timestamp="20211125 12:50:23.701" level="INFO">Clicking element 'id=act_profile_info_et_job_title'.</msg>
<status status="PASS" starttime="20211125 12:50:23.693" endtime="20211125 12:50:23.808"/>
</kw>
<kw name="Input Text" library="AppiumLibrary">
<arg>${job title}</arg>
<arg>${job name}</arg>
<doc>Types the given `text` into text field identified by `locator`.</doc>
<msg timestamp="20211125 12:50:23.830" level="INFO">Typing text 'Software Tester' into text field 'id=act_profile_info_et_job_title'</msg>
<status status="PASS" starttime="20211125 12:50:23.809" endtime="20211125 12:50:25.992"/>
</kw>
<kw name="Click Element" library="AppiumLibrary">
<arg>${company}</arg>
<doc>Click element identified by `locator`.</doc>
<msg timestamp="20211125 12:50:26.017" level="INFO">Clicking element 'id=act_profile_info_et_company_name'.</msg>
<status status="PASS" starttime="20211125 12:50:25.995" endtime="20211125 12:50:27.575"/>
</kw>
<kw name="Input Text" library="AppiumLibrary">
<arg>${company}</arg>
<arg>${company name}</arg>
<doc>Types the given `text` into text field identified by `locator`.</doc>
<msg timestamp="20211125 12:50:27.593" level="INFO">Typing text 'Moolya Projects' into text field 'id=act_profile_info_et_company_name'</msg>
<status status="PASS" starttime="20211125 12:50:27.575" endtime="20211125 12:50:29.748"/>
</kw>
<kw name="Get Element Location" library="AppiumLibrary">
<var>${element_location}</var>
<arg>${salary}</arg>
<doc>Get element location</doc>
<msg timestamp="20211125 12:50:30.417" level="INFO">Element 'id=act_education_seekbar_salary' location: {'x': 36, 'y': 1384} </msg>
<msg timestamp="20211125 12:50:30.417" level="INFO">${element_location} = {'x': 36, 'y': 1384}</msg>
<status status="PASS" starttime="20211125 12:50:29.748" endtime="20211125 12:50:30.417"/>
</kw>
<kw name="Get Element Size" library="AppiumLibrary">
<var>${element_size}</var>
<arg>${salary}</arg>
<doc>Get element size</doc>
<msg timestamp="20211125 12:50:30.506" level="INFO">Element 'id=act_education_seekbar_salary' size: {'height': 72, 'width': 963} </msg>
<msg timestamp="20211125 12:50:30.506" level="INFO">${element_size} = {'height': 72, 'width': 963}</msg>
<status status="PASS" starttime="20211125 12:50:30.417" endtime="20211125 12:50:30.507"/>
</kw>
<kw name="Evaluate" library="BuiltIn">
<var>${start_x}</var>
<arg>${element_location['x']} + (${element_size['width']} * 0.6)</arg>
<doc>Evaluates the given expression in Python and returns the result.</doc>
<msg timestamp="20211125 12:50:30.511" level="INFO">${start_x} = 613.8</msg>
<status status="PASS" starttime="20211125 12:50:30.507" endtime="20211125 12:50:30.512"/>
</kw>
<kw name="Evaluate" library="BuiltIn">
<var>${start_y}</var>
<arg>${element_location['y']} + (${element_size['height']} * 0.8)</arg>
<doc>Evaluates the given expression in Python and returns the result.</doc>
<msg timestamp="20211125 12:50:30.517" level="INFO">${start_y} = 1441.6</msg>
<status status="PASS" starttime="20211125 12:50:30.512" endtime="20211125 12:50:30.517"/>
</kw>
<kw name="Evaluate" library="BuiltIn">
<var>${end_x}</var>
<arg>${element_location['x']} + (${element_size['width']} * 0.6)</arg>
<doc>Evaluates the given expression in Python and returns the result.</doc>
<msg timestamp="20211125 12:50:30.522" level="INFO">${end_x} = 613.8</msg>
<status status="PASS" starttime="20211125 12:50:30.517" endtime="20211125 12:50:30.522"/>
</kw>
<kw name="Evaluate" library="BuiltIn">
<var>${end_y}</var>
<arg>${element_location['y']} + (${element_size['height']} * 0.5)</arg>
<doc>Evaluates the given expression in Python and returns the result.</doc>
<msg timestamp="20211125 12:50:30.528" level="INFO">${end_y} = 1420.0</msg>
<status status="PASS" starttime="20211125 12:50:30.523" endtime="20211125 12:50:30.528"/>
</kw>
<kw name="Swipe" library="AppiumLibrary">
<arg>${start_x}</arg>
<arg>${start_y}</arg>
<arg>${end_x}</arg>
<arg>${end_y}</arg>
<arg>400</arg>
<doc>Swipe from one point to another point, for an optional duration.</doc>
<status status="PASS" starttime="20211125 12:50:30.528" endtime="20211125 12:50:31.828"/>
</kw>
<kw name="Click Text" library="AppiumLibrary">
<arg>${work}</arg>
<doc>Click text identified by ``text``.</doc>
<status status="PASS" starttime="20211125 12:50:31.828" endtime="20211125 12:50:32.713"/>
</kw>
<kw name="Click Element" library="AppiumLibrary">
<arg>${go}</arg>
<doc>Click element identified by `locator`.</doc>
<msg timestamp="20211125 12:50:32.720" level="INFO">Clicking element 'id=act_education_btn_continue'.</msg>
<status status="PASS" starttime="20211125 12:50:32.713" endtime="20211125 12:50:32.788"/>
</kw>
<status status="PASS" starttime="20211125 12:50:17.729" endtime="20211125 12:50:32.788"/>
</kw>
<kw name="Then Enter education details and click next" library="apna login">
<kw name="Wait for Element on Screen" library="apna common">
<arg>${education}</arg>
<kw name="Wait Until Page Contains Element" library="AppiumLibrary">
<arg>${element}</arg>
<arg>timeout=30s</arg>
<doc>Waits until element specified with `locator` appears on current page.</doc>
<status status="PASS" starttime="20211125 12:50:32.791" endtime="20211125 12:50:36.699"/>
</kw>
<status status="PASS" starttime="20211125 12:50:32.790" endtime="20211125 12:50:36.700"/>
</kw>
<kw name="Click Element" library="AppiumLibrary">
<arg>${education}</arg>
<doc>Click element identified by `locator`.</doc>
<msg timestamp="20211125 12:50:36.709" level="INFO">Clicking element 'id=et_education'.</msg>
<status status="PASS" starttime="20211125 12:50:36.700" endtime="20211125 12:50:37.283"/>
</kw>
<kw name="Click Element At Coordinates" library="AppiumLibrary">
<arg>179</arg>
<arg>1796</arg>
<doc>click element at a certain coordinate</doc>
<msg timestamp="20211125 12:50:37.291" level="INFO">Pressing at (179, 1796).</msg>
<status status="PASS" starttime="20211125 12:50:37.283" endtime="20211125 12:50:38.417"/>
</kw>
<kw name="Click Element" library="AppiumLibrary">
<arg>${degree}</arg>
<doc>Click element identified by `locator`.</doc>
<msg timestamp="20211125 12:50:38.427" level="INFO">Clicking element 'id=et_degree'.</msg>
<status status="PASS" starttime="20211125 12:50:38.417" endtime="20211125 12:50:39.092"/>
</kw>
<kw name="Input Text" library="AppiumLibrary">
<arg>${degree}</arg>
<arg>${degree name}</arg>
<doc>Types the given `text` into text field identified by `locator`.</doc>
<msg timestamp="20211125 12:50:39.102" level="INFO">Typing text 'BTech/BE' into text field 'id=et_degree'</msg>
<status status="PASS" starttime="20211125 12:50:39.092" endtime="20211125 12:50:40.989"/>
</kw>
<kw name="Wait for text on Screen and click Text" library="apna common">
<arg>${search degree}</arg>
<kw name="Wait Until Page Contains" library="AppiumLibrary">
<arg>${text}</arg>
<arg>timeout=30s</arg>
<doc>Waits until `text` appears on current page.</doc>
<status status="PASS" starttime="20211125 12:50:40.991" endtime="20211125 12:50:42.948"/>
</kw>
<kw name="Click Text" library="AppiumLibrary">
<arg>${text}</arg>
<arg>timeout=30s</arg>
<doc>Click text identified by ``text``.</doc>
<status status="PASS" starttime="20211125 12:50:42.949" endtime="20211125 12:50:43.288"/>
</kw>
<status status="PASS" starttime="20211125 12:50:40.989" endtime="20211125 12:50:43.289"/>
</kw>
<kw name="Click Element" library="AppiumLibrary">
<arg>${college}</arg>
<doc>Click element identified by `locator`.</doc>
<msg timestamp="20211125 12:50:43.298" level="INFO">Clicking element 'id=et_college'.</msg>
<status status="PASS" starttime="20211125 12:50:43.289" endtime="20211125 12:50:44.362"/>
</kw>
<kw name="Input Text" library="AppiumLibrary">
<arg>${college}</arg>
<arg>${college name}</arg>
<doc>Types the given `text` into text field identified by `locator`.</doc>
<msg timestamp="20211125 12:50:44.372" level="INFO">Typing text 'National College' into text field 'id=et_college'</msg>
<status status="PASS" starttime="20211125 12:50:44.362" endtime="20211125 12:50:46.170"/>
</kw>
<kw name="Wait for text on Screen and click Text" library="apna common">
<arg>${search college}</arg>
<kw name="Wait Until Page Contains" library="AppiumLibrary">
<arg>${text}</arg>
<arg>timeout=30s</arg>
<doc>Waits until `text` appears on current page.</doc>
<status status="PASS" starttime="20211125 12:50:46.171" endtime="20211125 12:50:47.890"/>
</kw>
<kw name="Click Text" library="AppiumLibrary">
<arg>${text}</arg>
<arg>timeout=30s</arg>
<doc>Click text identified by ``text``.</doc>
<status status="PASS" starttime="20211125 12:50:47.890" endtime="20211125 12:50:48.264"/>
</kw>
<status status="PASS" starttime="20211125 12:50:46.170" endtime="20211125 12:50:48.265"/>
</kw>
<kw name="Click Element" library="AppiumLibrary">
<arg>${move}</arg>
<doc>Click element identified by `locator`.</doc>
<msg timestamp="20211125 12:50:48.275" level="INFO">Clicking element 'id=act_education_btn_continue'.</msg>
<status status="PASS" starttime="20211125 12:50:48.265" endtime="20211125 12:50:49.220"/>
</kw>
<status status="PASS" starttime="20211125 12:50:32.789" endtime="20211125 12:50:49.220"/>
</kw>
<status status="PASS" starttime="20211125 12:50:17.728" endtime="20211125 12:50:49.230"/>
</test>
<test id="s1-t5" name="Choose the desired job category,gallary,contact details and proceed">
<kw name="Choose job category and give next" library="apna login">
<kw name="Wait for text on Screen" library="apna common">
<arg>${choose category}</arg>
<kw name="Wait Until Page Contains" library="AppiumLibrary">
<arg>${text}</arg>
<arg>timeout=30s</arg>
<doc>Waits until `text` appears on current page.</doc>
<status status="PASS" starttime="20211125 12:50:49.237" endtime="20211125 12:50:53.802"/>
</kw>
<status status="PASS" starttime="20211125 12:50:49.235" endtime="20211125 12:50:53.803"/>
</kw>
<kw name="Click Element" library="AppiumLibrary">
<arg>${category}</arg>
<doc>Click element identified by `locator`.</doc>
<msg timestamp="20211125 12:50:53.811" level="INFO">Clicking element 'id=row_super_category'.</msg>
<status status="PASS" starttime="20211125 12:50:53.803" endtime="20211125 12:50:54.947"/>
</kw>
<kw name="Wait for text on Screen and click Text" library="apna common">
<arg>${category name}</arg>
<kw name="Wait Until Page Contains" library="AppiumLibrary">
<arg>${text}</arg>
<arg>timeout=30s</arg>
<doc>Waits until `text` appears on current page.</doc>
<status status="PASS" starttime="20211125 12:50:54.949" endtime="20211125 12:50:55.619"/>
</kw>
<kw name="Click Text" library="AppiumLibrary">
<arg>${text}</arg>
<arg>timeout=30s</arg>
<doc>Click text identified by ``text``.</doc>
<status status="PASS" starttime="20211125 12:50:55.619" endtime="20211125 12:50:56.210"/>
</kw>
<status status="PASS" starttime="20211125 12:50:54.948" endtime="20211125 12:50:56.211"/>
</kw>
<kw name="Click Text" library="AppiumLibrary">
<arg>${select category}</arg>
<doc>Click text identified by ``text``.</doc>
<status status="PASS" starttime="20211125 12:50:56.211" endtime="20211125 12:50:56.838"/>
</kw>
<kw name="Wait for Element on Screen" library="apna common">
<arg>${click next}</arg>
<kw name="Wait Until Page Contains Element" library="AppiumLibrary">
<arg>${element}</arg>
<arg>timeout=30s</arg>
<doc>Waits until element specified with `locator` appears on current page.</doc>
<status status="PASS" starttime="20211125 12:50:56.839" endtime="20211125 12:50:57.072"/>
</kw>
<status status="PASS" starttime="20211125 12:50:56.838" endtime="20211125 12:50:57.073"/>
</kw>
<kw name="Click Element" library="AppiumLibrary">
<arg>${click next}</arg>
<doc>Click element identified by `locator`.</doc>
<msg timestamp="20211125 12:50:57.082" level="INFO">Clicking element 'id=btn_continue'.</msg>
<status status="PASS" starttime="20211125 12:50:57.073" endtime="20211125 12:50:57.582"/>
</kw>
<status status="PASS" starttime="20211125 12:50:49.235" endtime="20211125 12:50:57.582"/>
</kw>
<kw name="Then give gallary details and click next" library="apna login">
<kw name="Wait for text on Screen and click Text" library="apna common">
<arg>${skip}</arg>
<kw name="Wait Until Page Contains" library="AppiumLibrary">
<arg>${text}</arg>
<arg>timeout=30s</arg>
<doc>Waits until `text` appears on current page.</doc>
<status status="PASS" starttime="20211125 12:50:57.585" endtime="20211125 12:51:01.084"/>
</kw>
<kw name="Click Text" library="AppiumLibrary">
<arg>${text}</arg>
<arg>timeout=30s</arg>
<doc>Click text identified by ``text``.</doc>
<status status="PASS" starttime="20211125 12:51:01.084" endtime="20211125 12:51:01.355"/>
</kw>
<status status="PASS" starttime="20211125 12:50:57.584" endtime="20211125 12:51:01.355"/>
</kw>
<status status="PASS" starttime="20211125 12:50:57.583" endtime="20211125 12:51:01.356"/>
</kw>
<kw name="Enter contact details and give next" library="apna login">
<kw name="Wait for text on Screen and click Text" library="apna common">
<arg>${jobs}</arg>
<kw name="Wait Until Page Contains" library="AppiumLibrary">
<arg>${text}</arg>
<arg>timeout=30s</arg>
<doc>Waits until `text` appears on current page.</doc>
<status status="PASS" starttime="20211125 12:51:01.359" endtime="20211125 12:51:05.692"/>
</kw>
<kw name="Click Text" library="AppiumLibrary">
<arg>${text}</arg>
<arg>timeout=30s</arg>
<doc>Click text identified by ``text``.</doc>
<status status="PASS" starttime="20211125 12:51:05.692" endtime="20211125 12:51:05.842"/>
</kw>
<status status="PASS" starttime="20211125 12:51:01.358" endtime="20211125 12:51:05.847"/>
</kw>
<kw name="Quit Application" library="AppiumLibrary">
<doc>Quit application. Application can be quit while Appium session is kept alive.
This keyword can be used to close application during test case or between test cases.</doc>
<status status="PASS" starttime="20211125 12:51:05.848" endtime="20211125 12:51:07.201"/>
</kw>
<status status="PASS" starttime="20211125 12:51:01.357" endtime="20211125 12:51:07.202"/>
</kw>
<status status="PASS" starttime="20211125 12:50:49.233" endtime="20211125 12:51:07.239"/>
</test>
<status status="PASS" starttime="20211125 12:49:00.597" endtime="20211125 12:51:07.398"/>
</suite>
<statistics>
<total>
<stat pass="5" fail="0" skip="0">All Tests</stat>
</total>
<tag>
</tag>
<suite>
<stat pass="5" fail="0" skip="0" id="s1" name="Apna">Apna</stat>
</suite>
</statistics>
<errors>
</errors>
</robot>
