<?xml version="1.0" encoding="UTF-8"?>
<robot generator="Robot 4.1 (Python 3.9.6 on win32)" generated="20211124 11:37:17.925" rpa="false" schemaversion="2">
<suite id="s1" name="Apna" source="C:\Users\user\PycharmProjects\Apna\Tests\apna.robot">
<test id="s1-t1" name="Launch the apna application and fill user details">
<kw name="Opens apna application" library="apna app">
<kw name="Open Application" library="AppiumLibrary">
<arg>${URL}</arg>
<arg>platformName=${Platform_Name}</arg>
<arg>platformVersion=${Platform_Version}</arg>
<arg>deviceName=${Device_Name}</arg>
<arg>app=${app_path}</arg>
<doc>Opens a new application to given Appium server.
Capabilities of appium server, Android and iOS,
Please check https://github.com/appium/appium/blob/master/docs/en/writing-running-appium/server-args.md
| *Option*            | *Man.* | *Description*     |
| remote_url          | Yes    | Appium server url |
| alias               | no     | alias             |</doc>
<status status="PASS" starttime="20211124 11:37:18.402" endtime="20211124 11:37:38.218"/>
</kw>
<status status="PASS" starttime="20211124 11:37:18.401" endtime="20211124 11:37:38.218"/>
</kw>
<kw name="Select None of the above option" library="apna app">
<kw name="Wait Until Page Contains" library="AppiumLibrary">
<arg>Continue with</arg>
<arg>timeout=40s</arg>
<doc>Waits until `text` appears on current page.</doc>
<status status="PASS" starttime="20211124 11:37:38.220" endtime="20211124 11:37:42.473"/>
</kw>
<kw name="Click Text" library="AppiumLibrary">
<arg>NONE OF THE ABOVE</arg>
<doc>Click text identified by ``text``.</doc>
<status status="PASS" starttime="20211124 11:37:42.473" endtime="20211124 11:37:43.896"/>
</kw>
<status status="PASS" starttime="20211124 11:37:38.219" endtime="20211124 11:37:43.897"/>
</kw>
<kw name="Then Enter mobile number and click next" library="apna app">
<kw name="Wait Until Page Contains" library="AppiumLibrary">
<arg>${mobile}</arg>
<arg>timeout=30s</arg>
<doc>Waits until `text` appears on current page.</doc>
<status status="PASS" starttime="20211124 11:37:43.911" endtime="20211124 11:37:44.900"/>
</kw>
<kw name="Click Text" library="AppiumLibrary">
<arg>${mobile}</arg>
<doc>Click text identified by ``text``.</doc>
<status status="PASS" starttime="20211124 11:37:44.900" endtime="20211124 11:37:46.167"/>
</kw>
<kw name="Wait Until Page Contains Element" library="AppiumLibrary">
<arg>${mobile number}</arg>
<arg>timeout=30s</arg>
<doc>Waits until element specified with `locator` appears on current page.</doc>
<status status="PASS" starttime="20211124 11:37:46.167" endtime="20211124 11:37:46.270"/>
</kw>
<kw name="Input Text" library="AppiumLibrary">
<arg>${mobile number}</arg>
<arg>${number}</arg>
<doc>Types the given `text` into text field identified by `locator`.</doc>
<msg timestamp="20211124 11:37:46.279" level="INFO">Typing text '9872360784' into text field 'com.apnatime.debug:id/et_login_number'</msg>
<status status="PASS" starttime="20211124 11:37:46.271" endtime="20211124 11:37:47.412"/>
</kw>
<kw name="Click Element" library="AppiumLibrary">
<arg>${next}</arg>
<doc>Click element identified by `locator`.</doc>
<msg timestamp="20211124 11:37:47.421" level="INFO">Clicking element 'com.apnatime.debug:id/btn_send'.</msg>
<status status="PASS" starttime="20211124 11:37:47.413" endtime="20211124 11:37:47.962"/>
</kw>
<status status="PASS" starttime="20211124 11:37:43.906" endtime="20211124 11:37:47.963"/>
</kw>
<kw name="Enter the otp and click next" library="apna app">
<kw name="Wait Until Page Contains" library="AppiumLibrary">
<arg>${otp}</arg>
<arg>timeout=30s</arg>
<doc>Waits until `text` appears on current page.</doc>
<status status="PASS" starttime="20211124 11:37:47.973" endtime="20211124 11:37:51.276"/>
</kw>
<kw name="Input Text" library="AppiumLibrary">
<arg>${otp_1}</arg>
<arg>${otp number_1}</arg>
<doc>Types the given `text` into text field identified by `locator`.</doc>
<msg timestamp="20211124 11:37:51.284" level="INFO">Typing text '9' into text field 'com.apnatime.debug:id/et_otp1'</msg>
<status status="PASS" starttime="20211124 11:37:51.277" endtime="20211124 11:37:52.253"/>
</kw>
<kw name="Input Text" library="AppiumLibrary">
<arg>${otp_2}</arg>
<arg>${otp number_2}</arg>
<doc>Types the given `text` into text field identified by `locator`.</doc>
<msg timestamp="20211124 11:37:52.262" level="INFO">Typing text '6' into text field 'com.apnatime.debug:id/et_otp2'</msg>
<status status="PASS" starttime="20211124 11:37:52.253" endtime="20211124 11:37:53.191"/>
</kw>
<kw name="Input Text" library="AppiumLibrary">
<arg>${otp_3}</arg>
<arg>${otp number_3}</arg>
<doc>Types the given `text` into text field identified by `locator`.</doc>
<msg timestamp="20211124 11:37:53.200" level="INFO">Typing text '2' into text field 'com.apnatime.debug:id/et_otp3'</msg>
<status status="PASS" starttime="20211124 11:37:53.191" endtime="20211124 11:37:54.201"/>
</kw>
<kw name="Input Text" library="AppiumLibrary">
<arg>${otp_4}</arg>
<arg>${otp_number_4}</arg>
<doc>Types the given `text` into text field identified by `locator`.</doc>
<msg timestamp="20211124 11:37:54.211" level="INFO">Typing text '5' into text field 'com.apnatime.debug:id/et_otp4'</msg>
<status status="PASS" starttime="20211124 11:37:54.202" endtime="20211124 11:37:55.292"/>
</kw>
<status status="PASS" starttime="20211124 11:37:47.971" endtime="20211124 11:37:55.293"/>
</kw>
<status status="PASS" starttime="20211124 11:37:18.400" endtime="20211124 11:37:55.294"/>
</test>
<test id="s1-t2" name="Then Choose language of your choice and proceed">
<kw name="Then Choose language and give next" library="apna app">
<kw name="Wait Until Page Contains" library="AppiumLibrary">
<arg>${choose language}</arg>
<arg>timeout=30s</arg>
<doc>Waits until `text` appears on current page.</doc>
<status status="PASS" starttime="20211124 11:37:55.298" endtime="20211124 11:38:04.038"/>
</kw>
<kw name="Click Text" library="AppiumLibrary">
<arg>${language}</arg>
<doc>Click text identified by ``text``.</doc>
<status status="PASS" starttime="20211124 11:38:04.038" endtime="20211124 11:38:04.825"/>
</kw>
<kw name="Click Element" library="AppiumLibrary">
<arg>${continue}</arg>
<doc>Click element identified by `locator`.</doc>
<msg timestamp="20211124 11:38:04.836" level="INFO">Clicking element 'com.apnatime.debug:id/btn_continue'.</msg>
<status status="PASS" starttime="20211124 11:38:04.826" endtime="20211124 11:38:05.597"/>
</kw>
<status status="PASS" starttime="20211124 11:37:55.297" endtime="20211124 11:38:05.597"/>
</kw>
<kw name="Enter Visiting card details by clicking letsgo option" library="apna app">
<kw name="Wait Until Page Contains" library="AppiumLibrary">
<arg>${lets go}</arg>
<arg>timeout=30s</arg>
<doc>Waits until `text` appears on current page.</doc>
<status status="PASS" starttime="20211124 11:38:05.599" endtime="20211124 11:38:08.900"/>
</kw>
<kw name="Click Text" library="AppiumLibrary">
<arg>${lets go}</arg>
<doc>Click text identified by ``text``.</doc>
<status status="PASS" starttime="20211124 11:38:08.901" endtime="20211124 11:38:09.149"/>
</kw>
<status status="PASS" starttime="20211124 11:38:05.599" endtime="20211124 11:38:09.150"/>
</kw>
<status status="PASS" starttime="20211124 11:37:55.296" endtime="20211124 11:38:09.151"/>
</test>
<test id="s1-t3" name="Then Enter the required personal details and proceed">
<kw name="Then Enter personal details and click next" library="apna app">
<kw name="Wait Until Page Contains" library="AppiumLibrary">
<arg>${visiting card}</arg>
<arg>timeout=30s</arg>
<doc>Waits until `text` appears on current page.</doc>
<status status="PASS" starttime="20211124 11:38:09.156" endtime="20211124 11:38:12.677"/>
</kw>
<kw name="Click Text" library="AppiumLibrary">
<arg>${name}</arg>
<doc>Click text identified by ``text``.</doc>
<status status="PASS" starttime="20211124 11:38:12.678" endtime="20211124 11:38:13.057"/>
</kw>
<kw name="Wait Until Page Contains" library="AppiumLibrary">
<arg>${enter name}</arg>
<arg>timeout=30s</arg>
<doc>Waits until `text` appears on current page.</doc>
<status status="PASS" starttime="20211124 11:38:13.057" endtime="20211124 11:38:13.245"/>
</kw>
<kw name="Input Text" library="AppiumLibrary">
<arg>${enter name}</arg>
<arg>${full name}</arg>
<doc>Types the given `text` into text field identified by `locator`.</doc>
<msg timestamp="20211124 11:38:13.253" level="INFO">Typing text 'Hitha' into text field 'com.apnatime.debug:id/act_profile_info_et_full_name'</msg>
<status status="PASS" starttime="20211124 11:38:13.245" endtime="20211124 11:38:13.971"/>
</kw>
<kw name="Click Element" library="AppiumLibrary">
<arg>${city}</arg>
<doc>Click element identified by `locator`.</doc>
<msg timestamp="20211124 11:38:13.983" level="INFO">Clicking element 'com.apnatime.debug:id/act_profile_info_et_city'.</msg>
<status status="PASS" starttime="20211124 11:38:13.971" endtime="20211124 11:38:14.554"/>
</kw>
<kw name="Wait Until Page Contains" library="AppiumLibrary">
<arg>${search box}</arg>
<arg>timeout=30s</arg>
<doc>Waits until `text` appears on current page.</doc>
<status status="PASS" starttime="20211124 11:38:14.555" endtime="20211124 11:38:18.420"/>
</kw>
<kw name="Input Text" library="AppiumLibrary">
<arg>${enter city}</arg>
<arg>${search city}</arg>
<doc>Types the given `text` into text field identified by `locator`.</doc>
<msg timestamp="20211124 11:38:18.428" level="INFO">Typing text 'Ben' into text field 'com.apnatime.debug:id/search_src_text'</msg>
<status status="PASS" starttime="20211124 11:38:18.420" endtime="20211124 11:38:19.368"/>
</kw>
<kw name="Wait Until Page Contains" library="AppiumLibrary">
<arg>${enter city}</arg>
<arg>timeout=30s</arg>
<doc>Waits until `text` appears on current page.</doc>
<status status="PASS" starttime="20211124 11:38:19.369" endtime="20211124 11:38:19.580"/>
</kw>
<kw name="Click Text" library="AppiumLibrary">
<arg>${city name}</arg>
<doc>Click text identified by ``text``.</doc>
<status status="PASS" starttime="20211124 11:38:19.581" endtime="20211124 11:38:20.191"/>
</kw>
<kw name="Wait Until Page Contains" library="AppiumLibrary">
<arg>${location}</arg>
<doc>Waits until `text` appears on current page.</doc>
<status status="PASS" starttime="20211124 11:38:20.191" endtime="20211124 11:38:22.176"/>
</kw>
<kw name="Click Element" library="AppiumLibrary">
<arg>${location}</arg>
<doc>Click element identified by `locator`.</doc>
<msg timestamp="20211124 11:38:22.187" level="INFO">Clicking element 'com.apnatime.debug:id/act_profile_info_et_location'.</msg>
<status status="PASS" starttime="20211124 11:38:22.176" endtime="20211124 11:38:23.063"/>
</kw>
<kw name="Wait Until Page Contains" library="AppiumLibrary">
<arg>${enter location}</arg>
<arg>timeout=40s</arg>
<doc>Waits until `text` appears on current page.</doc>
<status status="PASS" starttime="20211124 11:38:23.064" endtime="20211124 11:38:24.836"/>
</kw>
<kw name="Input Text" library="AppiumLibrary">
<arg>${enter location}</arg>
<arg>${location name}</arg>
<doc>Types the given `text` into text field identified by `locator`.</doc>
<msg timestamp="20211124 11:38:24.854" level="INFO">Typing text 'Jaya' into text field 'com.apnatime.debug:id/act_select_location_etSearchLocation'</msg>
<status status="PASS" starttime="20211124 11:38:24.837" endtime="20211124 11:38:27.568"/>
</kw>
<kw name="Wait Until Page Contains" library="AppiumLibrary">
<arg>${select location}</arg>
<arg>timeout=30s</arg>
<doc>Waits until `text` appears on current page.</doc>
<status status="PASS" starttime="20211124 11:38:27.569" endtime="20211124 11:38:28.790"/>
</kw>
<kw name="Click Text" library="AppiumLibrary">
<arg>${select location}</arg>
<doc>Click text identified by ``text``.</doc>
<status status="PASS" starttime="20211124 11:38:28.790" endtime="20211124 11:38:29.026"/>
</kw>
<kw name="Wait Until Page Contains" library="AppiumLibrary">
<arg>${gender}</arg>
<arg>timeout=30s</arg>
<doc>Waits until `text` appears on current page.</doc>
<status status="PASS" starttime="20211124 11:38:29.026" endtime="20211124 11:38:30.576"/>
</kw>
<kw name="Click Element" library="AppiumLibrary">
<arg>${gender}</arg>
<doc>Click element identified by `locator`.</doc>
<msg timestamp="20211124 11:38:30.585" level="INFO">Clicking element 'com.apnatime.debug:id/iv_female_tick'.</msg>
<status status="PASS" starttime="20211124 11:38:30.576" endtime="20211124 11:38:30.720"/>
</kw>
<kw name="Wait Until Page Contains" library="AppiumLibrary">
<arg>${proceed}</arg>
<arg>timeout=30s</arg>
<doc>Waits until `text` appears on current page.</doc>
<status status="PASS" starttime="20211124 11:38:30.720" endtime="20211124 11:38:31.492"/>
</kw>
<kw name="Click Element" library="AppiumLibrary">
<arg>${proceed}</arg>
<doc>Click element identified by `locator`.</doc>
<msg timestamp="20211124 11:38:31.500" level="INFO">Clicking element 'com.apnatime.debug:id/act_profile_info_btn_continue'.</msg>
<status status="PASS" starttime="20211124 11:38:31.493" endtime="20211124 11:38:31.573"/>
</kw>
<status status="PASS" starttime="20211124 11:38:09.155" endtime="20211124 11:38:31.573"/>
</kw>
<status status="PASS" starttime="20211124 11:38:09.153" endtime="20211124 11:38:31.575"/>
</test>
<test id="s1-t4" name="Select Work Experience and give education details and proceed">
<kw name="Select Work Experience and click next" library="apna app">
<kw name="Wait Until Page Contains" library="AppiumLibrary">
<arg>${experience}</arg>
<arg>timeout=30s</arg>
<doc>Waits until `text` appears on current page.</doc>
<status status="PASS" starttime="20211124 11:38:31.579" endtime="20211124 11:38:35.036"/>
</kw>
<kw name="Click Text" library="AppiumLibrary">
<arg>${experience}</arg>
<doc>Click text identified by ``text``.</doc>
<status status="PASS" starttime="20211124 11:38:35.036" endtime="20211124 11:38:36.062"/>
</kw>
<kw name="Click Element" library="AppiumLibrary">
<arg>${select experience}</arg>
<doc>Click element identified by `locator`.</doc>
<msg timestamp="20211124 11:38:36.072" level="INFO">Clicking element 'com.apnatime.debug:id/act_education_et_total_exp'.</msg>
<status status="PASS" starttime="20211124 11:38:36.063" endtime="20211124 11:38:36.760"/>
</kw>
<kw name="Click Element At Coordinates" library="AppiumLibrary">
<arg>429</arg>
<arg>563</arg>
<doc>click element at a certain coordinate</doc>
<msg timestamp="20211124 11:38:36.770" level="INFO">Pressing at (429, 563).</msg>
<status status="PASS" starttime="20211124 11:38:36.761" endtime="20211124 11:38:37.820"/>
</kw>
<kw name="Click Element" library="AppiumLibrary">
<arg>${job title}</arg>
<doc>Click element identified by `locator`.</doc>
<msg timestamp="20211124 11:38:37.828" level="INFO">Clicking element 'com.apnatime.debug:id/act_profile_info_et_job_title'.</msg>
<status status="PASS" starttime="20211124 11:38:37.820" endtime="20211124 11:38:38.010"/>
</kw>
<kw name="Input Text" library="AppiumLibrary">
<arg>${job title}</arg>
<arg>${job name}</arg>
<doc>Types the given `text` into text field identified by `locator`.</doc>
<msg timestamp="20211124 11:38:38.026" level="INFO">Typing text 'Software Tester' into text field 'com.apnatime.debug:id/act_profile_info_et_job_title'</msg>
<status status="PASS" starttime="20211124 11:38:38.010" endtime="20211124 11:38:40.205"/>
</kw>
<kw name="Click Element" library="AppiumLibrary">
<arg>${company}</arg>
<doc>Click element identified by `locator`.</doc>
<msg timestamp="20211124 11:38:40.223" level="INFO">Clicking element 'com.apnatime.debug:id/act_profile_info_et_company_name'.</msg>
<status status="PASS" starttime="20211124 11:38:40.205" endtime="20211124 11:38:41.798"/>
</kw>
<kw name="Input Text" library="AppiumLibrary">
<arg>${company}</arg>
<arg>${company name}</arg>
<doc>Types the given `text` into text field identified by `locator`.</doc>
<msg timestamp="20211124 11:38:41.816" level="INFO">Typing text 'Moolya Projects' into text field 'com.apnatime.debug:id/act_profile_info_et_company_name'</msg>
<status status="PASS" starttime="20211124 11:38:41.798" endtime="20211124 11:38:43.855"/>
</kw>
<kw name="Get Element Location" library="AppiumLibrary">
<var>${element_location}</var>
<arg>${salary}</arg>
<doc>Get element location</doc>
<msg timestamp="20211124 11:38:44.502" level="INFO">Element 'com.apnatime.debug:id/act_education_seekbar_salary' location: {'x': 36, 'y': 1384} </msg>
<msg timestamp="20211124 11:38:44.502" level="INFO">${element_location} = {'x': 36, 'y': 1384}</msg>
<status status="PASS" starttime="20211124 11:38:43.856" endtime="20211124 11:38:44.502"/>
</kw>
<kw name="Get Element Size" library="AppiumLibrary">
<var>${element_size}</var>
<arg>${salary}</arg>
<doc>Get element size</doc>
<msg timestamp="20211124 11:38:44.602" level="INFO">Element 'com.apnatime.debug:id/act_education_seekbar_salary' size: {'height': 72, 'width': 963} </msg>
<msg timestamp="20211124 11:38:44.602" level="INFO">${element_size} = {'height': 72, 'width': 963}</msg>
<status status="PASS" starttime="20211124 11:38:44.502" endtime="20211124 11:38:44.603"/>
</kw>
<kw name="Evaluate" library="BuiltIn">
<var>${start_x}</var>
<arg>${element_location['x']} + (${element_size['width']} * 0.6)</arg>
<doc>Evaluates the given expression in Python and returns the result.</doc>
<msg timestamp="20211124 11:38:44.608" level="INFO">${start_x} = 613.8</msg>
<status status="PASS" starttime="20211124 11:38:44.603" endtime="20211124 11:38:44.608"/>
</kw>
<kw name="Evaluate" library="BuiltIn">
<var>${start_y}</var>
<arg>${element_location['y']} + (${element_size['height']} * 0.8)</arg>
<doc>Evaluates the given expression in Python and returns the result.</doc>
<msg timestamp="20211124 11:38:44.612" level="INFO">${start_y} = 1441.6</msg>
<status status="PASS" starttime="20211124 11:38:44.608" endtime="20211124 11:38:44.612"/>
</kw>
<kw name="Evaluate" library="BuiltIn">
<var>${end_x}</var>
<arg>${element_location['x']} + (${element_size['width']} * 0.6)</arg>
<doc>Evaluates the given expression in Python and returns the result.</doc>
<msg timestamp="20211124 11:38:44.617" level="INFO">${end_x} = 613.8</msg>
<status status="PASS" starttime="20211124 11:38:44.613" endtime="20211124 11:38:44.617"/>
</kw>
<kw name="Evaluate" library="BuiltIn">
<var>${end_y}</var>
<arg>${element_location['y']} + (${element_size['height']} * 0.5)</arg>
<doc>Evaluates the given expression in Python and returns the result.</doc>
<msg timestamp="20211124 11:38:44.622" level="INFO">${end_y} = 1420.0</msg>
<status status="PASS" starttime="20211124 11:38:44.618" endtime="20211124 11:38:44.622"/>
</kw>
<kw name="Swipe" library="AppiumLibrary">
<arg>${start_x}</arg>
<arg>${start_y}</arg>
<arg>${end_x}</arg>
<arg>${end_y}</arg>
<arg>400</arg>
<doc>Swipe from one point to another point, for an optional duration.</doc>
<status status="PASS" starttime="20211124 11:38:44.623" endtime="20211124 11:38:45.847"/>
</kw>
<kw name="Click Text" library="AppiumLibrary">
<arg>${work}</arg>
<doc>Click text identified by ``text``.</doc>
<status status="PASS" starttime="20211124 11:38:45.848" endtime="20211124 11:38:46.678"/>
</kw>
<kw name="Click Element" library="AppiumLibrary">
<arg>${go}</arg>
<doc>Click element identified by `locator`.</doc>
<msg timestamp="20211124 11:38:46.686" level="INFO">Clicking element 'com.apnatime.debug:id/act_education_btn_continue'.</msg>
<status status="PASS" starttime="20211124 11:38:46.678" endtime="20211124 11:38:46.777"/>
</kw>
<status status="PASS" starttime="20211124 11:38:31.578" endtime="20211124 11:38:46.778"/>
</kw>
<kw name="Then Enter education details and click next" library="apna app">
<kw name="Wait Until Page Contains" library="AppiumLibrary">
<arg>${education}</arg>
<arg>timeout=30s</arg>
<doc>Waits until `text` appears on current page.</doc>
<msg timestamp="20211124 11:39:17.424" level="INFO">&lt;?xml version='1.0' encoding='UTF-8' standalone='yes' ?&gt;
&lt;hierarchy index="0" class="hierarchy" rotation="0" width="1080" height="2148"&gt;
  &lt;android.widget.FrameLayout index="0" package="com.apnatime.debug" class="android.widget.FrameLayout" text="" checkable="false" checked="false" clickable="false" enabled="true" focusable="false" focused="false" long-clickable="false" password="false" scrollable="false" selected="false" bounds="[0,0][1080,2148]" displayed="true"&gt;
    &lt;android.widget.LinearLayout index="0" package="com.apnatime.debug" class="android.widget.LinearLayout" text="" checkable="false" checked="false" clickable="false" enabled="true" focusable="false" focused="false" long-clickable="false" password="false" scrollable="false" selected="false" bounds="[0,0][1080,2148]" displayed="true"&gt;
      &lt;android.widget.FrameLayout index="0" package="com.apnatime.debug" class="android.widget.FrameLayout" text="" checkable="false" checked="false" clickable="false" enabled="true" focusable="false" focused="false" long-clickable="false" password="false" scrollable="false" selected="false" bounds="[0,66][1080,2148]" displayed="true"&gt;
        &lt;android.view.ViewGroup index="0" package="com.apnatime.debug" class="android.view.ViewGroup" text="" resource-id="com.apnatime.debug:id/decor_content_parent" checkable="false" checked="false" clickable="false" enabled="true" focusable="false" focused="false" long-clickable="false" password="false" scrollable="false" selected="false" bounds="[0,66][1080,2148]" displayed="true"&gt;
          &lt;android.widget.FrameLayout index="0" package="com.apnatime.debug" class="android.widget.FrameLayout" text="" resource-id="com.apnatime.debug:id/action_bar_container" checkable="false" checked="false" clickable="false" enabled="true" focusable="false" focused="false" long-clickable="false" password="false" scrollable="false" selected="false" bounds="[0,66][1080,220]" displayed="true"&gt;
            &lt;android.view.ViewGroup index="0" package="com.apnatime.debug" class="android.view.ViewGroup" text="" resource-id="com.apnatime.debug:id/action_bar" checkable="false" checked="false" clickable="false" enabled="true" focusable="false" focused="false" long-clickable="false" password="false" scrollable="false" selected="false" bounds="[0,66][1080,220]" displayed="true"&gt;
              &lt;android.widget.ImageButton index="0" package="com.apnatime.debug" class="android.widget.ImageButton" text="" content-desc="Navigate up" checkable="false" checked="false" clickable="true" enabled="true" focusable="true" focused="false" long-clickable="false" password="false" scrollable="false" selected="false" bounds="[0,66][154,220]" displayed="true" /&gt;
              &lt;android.widget.TextView index="1" package="com.apnatime.debug" class="android.widget.TextView" text="apna" checkable="false" checked="false" clickable="false" enabled="true" focusable="false" focused="false" long-clickable="false" password="false" scrollable="false" selected="false" bounds="[198,91][347,194]" displayed="true" /&gt;
            &lt;/android.view.ViewGroup&gt;
          &lt;/android.widget.FrameLayout&gt;
          &lt;android.widget.FrameLayout index="1" package="com.apnatime.debug" class="android.widget.FrameLayout" text="" resource-id="android:id/content" checkable="false" checked="false" clickable="false" enabled="true" focusable="false" focused="false" long-clickable="false" password="false" scrollable="false" selected="false" bounds="[0,220][1080,2148]" displayed="true"&gt;
            &lt;android.view.ViewGroup index="0" package="com.apnatime.debug" class="android.view.ViewGroup" text="" resource-id="com.apnatime.debug:id/clRootEducation" checkable="false" checked="false" clickable="false" enabled="true" focusable="false" focused="false" long-clickable="false" password="false" scrollable="false" selected="false" bounds="[0,220][1080,2148]" displayed="true"&gt;
              &lt;android.widget.ScrollView index="0" package="com.apnatime.debug" class="android.widget.ScrollView" text="" resource-id="com.apnatime.debug:id/act_education_scrollview" checkable="false" checked="false" clickable="false" enabled="true" focusable="true" focused="false" long-clickable="false" password="false" scrollable="true" selected="false" bounds="[0,220][1080,1944]" displayed="true"&gt;
                &lt;android.view.ViewGroup index="0" package="com.apnatime.debug" class="android.view.ViewGroup" text="" checkable="false" checked="false" clickable="false" enabled="true" focusable="false" focused="false" long-clickable="false" password="false" scrollable="false" selected="false" bounds="[0,220][1080,1944]" displayed="true"&gt;
                  &lt;android.view.View index="0" package="com.apnatime.debug" class="android.view.View" text="" checkable="false" checked="false" clickable="false" enabled="true" focusable="false" focused="false" long-clickable="false" password="false" scrollable="false" selected="false" bounds="[0,220][1080,750]" displayed="true" /&gt;
                  &lt;android.widget.TextView index="1" package="com.apnatime.debug" class="android.widget.TextView" text="Let us make your visiting card" resource-id="com.apnatime.debug:id/act_education_tv_title" checkable="false" checked="false" clickable="false" enabled="true" focusable="false" focused="false" long-clickable="false" password="false" scrollable="false" selected="false" bounds="[0,268][1080,371]" displayed="true" /&gt;
                  &lt;android.widget.LinearLayout index="2" package="com.apnatime.debug" class="android.widget.LinearLayout" text="" resource-id="com.apnatime.debug:id/act_education_visitingcard" checkable="false" checked="false" clickable="false" enabled="true" focusable="false" focused="false" long-clickable="false" password="false" scrollable="false" selected="false" bounds="[29,382][1051,954]" displayed="true"&gt;
                    &lt;android.view.ViewGroup index="0" package="com.apnatime.debug" class="android.view.ViewGroup" text="" checkable="false" checked="false" clickable="false" enabled="true" focusable="false" focused="false" long-clickable="false" password="false" scrollable="false" selected="false" bounds="[29,382][1051,954]" displayed="true"&gt;
                      &lt;android.widget.FrameLayout index="0" package="com.apnatime.debug" class="android.widget.FrameLayout" text="" resource-id="com.apnatime.debug:id/row_car_card_view" checkable="false" checked="false" clickable="false" enabled="true" focusable="false" focused="false" long-clickable="false" password="false" scrollable="false" selected="false" bounds="[72,399][1008,937]" displayed="true"&gt;
                        &lt;android.view.ViewGroup index="0" package="com.apnatime.debug" class="android.view.ViewGroup" text="" checkable="false" checked="false" clickable="false" enabled="true" focusable="false" focused="false" long-clickable="false" password="false" scrollable="false" selected="false" bounds="[72,399][1008,937]" displayed="true"&gt;
                          &lt;android.view.View index="0" package="com.apnatime.debug" class="android.view.View" text="" resource-id="com.apnatime.debug:id/row_card_ll_take_picture" checkable="false" checked="false" clickable="true" enabled="true" focusable="true" focused="false" long-clickable="false" password="false" scrollable="false" selected="false" bounds="[72,399][353,937]" displayed="true" /&gt;
                          &lt;android.widget.ImageView index="1" package="com.apnatime.debug" class="android.widget.ImageView" text="" resource-id="com.apnatime.debug:id/row_card_img_profile" checkable="false" checked="false" clickable="true" enabled="true" focusable="true" focused="false" long-clickable="false" password="false" scrollable="false" selected="false" bounds="[72,399][353,937]" displayed="true" /&gt;
                          &lt;android.view.View index="2" package="com.apnatime.debug" class="android.view.View" text="" checkable="false" checked="false" clickable="false" enabled="true" focusable="false" focused="false" long-clickable="false" password="false" scrollable="false" selected="false" bounds="[353,399][1008,937]" displayed="true" /&gt;
                          &lt;android.widget.TextView index="3" package="com.apnatime.debug" class="android.widget.TextView" text="Hitha" resource-id="com.apnatime.debug:id/row_card_tv_name" checkable="false" checked="false" clickable="false" enabled="true" focusable="false" focused="false" long-clickable="false" password="false" scrollable="false" selected="false" bounds="[359,523][925,583]" displayed="true" /&gt;
                          &lt;android.widget.TextView index="4" package="com.apnatime.debug" class="android.widget.TextView" text="Software Tester at Moolya Projects" resource-id="com.apnatime.debug:id/row_card_tv_job_desc" checkable="false" checked="false" clickable="false" enabled="true" focusable="false" focused="false" long-clickable="false" password="false" scrollable="false" selected="false" bounds="[410,583][925,671]" displayed="true" /&gt;
                          &lt;android.view.ViewGroup index="5" package="com.apnatime.debug" class="android.view.ViewGroup" text="" resource-id="com.apnatime.debug:id/education_container" checkable="false" checked="false" clickable="false" enabled="true" focusable="false" focused="false" long-clickable="false" password="false" scrollable="false" selected="false" bounds="[571,682][925,726]" displayed="true"&gt;
                            &lt;android.widget.TextView index="0" package="com.apnatime.debug" class="android.widget.TextView" text="1 year" resource-id="com.apnatime.debug:id/row_card_tv_experience" checkable="false" checked="false" clickable="false" enabled="true" focusable="false" focused="false" long-clickable="false" password="false" scrollable="false" selected="false" bounds="[828,682][925,726]" displayed="true" /&gt;
                          &lt;/android.view.ViewGroup&gt;
                          &lt;android.widget.FrameLayout index="6" package="com.apnatime.debug" class="android.widget.FrameLayout" text="" resource-id="com.apnatime.debug:id/frame" checkable="false" checked="false" clickable="false" enabled="true" focusable="false" focused="false" long-clickable="false" password="false" scrollable="false" selected="false" bounds="[353,842][1008,937]" displayed="true"&gt;
                            &lt;android.widget.TextView index="0" package="com.apnatime.debug" class="android.widget.TextView" text="Bengaluru" resource-id="com.apnatime.debug:id/row_card_tv_mobile" checkable="false" checked="false" clickable="false" enabled="true" focusable="false" focused="false" long-clickable="false" password="false" scrollable="false" selected="false" bounds="[692,864][964,915]" displayed="true" /&gt;
                          &lt;/android.widget.FrameLayout&gt;
                        &lt;/android.view.ViewGroup&gt;
                      &lt;/android.widget.FrameLayout&gt;
                    &lt;/android.view.ViewGroup&gt;
                  &lt;/android.widget.LinearLayout&gt;
                  &lt;android.widget.TextView index="3" package="com.apnatime.debug" class="android.widget.TextView" text="Do you have any work experience?" resource-id="com.apnatime.debug:id/act_education_tv_select_one" checkable="false" checked="false" clickable="false" enabled="true" focusable="false" focused="false" long-clickable="false" password="false" scrollable="false" selected="false" bounds="[202,1040][878,1106]" displayed="true" /&gt;
                  &lt;android.widget.Button index="4" package="com.apnatime.debug" class="android.widget.Button" text="YES" resource-id="com.apnatime.debug:id/act_education_btn_experience" checkable="false" checked="false" clickable="true" enabled="true" focusable="true" focused="false" long-clickable="false" password="false" scrollable="false" selected="false" bounds="[259,1149][540,1284]" displayed="true" /&gt;
                  &lt;android.widget.Button index="5" package="com.apnatime.debug" class="android.widget.Button" text="NO" resource-id="com.apnatime.debug:id/act_education_btn_fresher" checkable="false" checked="false" clickable="true" enabled="true" focusable="true" focused="false" long-clickable="false" password="false" scrollable="false" selected="false" bounds="[555,1149][821,1284]" displayed="true" /&gt;
                  &lt;android.widget.LinearLayout index="6" package="com.apnatime.debug" class="android.widget.LinearLayout" text="" resource-id="com.apnatime.debug:id/act_education_input_layout_exp" checkable="false" checked="false" clickable="false" enabled="true" focusable="false" focused="false" long-clickable="false" password="false" scrollable="false" selected="false" bounds="[72,1320][999,1438]" displayed="true"&gt;
                    &lt;android.widget.FrameLayout index="0" package="com.apnatime.debug" class="android.widget.FrameLayout" text="" checkable="false" checked="false" clickable="false" enabled="true" focusable="false" focused="false" long-clickable="false" password="false" scrollable="false" selected="false" bounds="[72,1335][999,1438]" displayed="true"&gt;
                      &lt;android.widget.EditText index="0" package="com.apnatime.debug" class="android.widget.EditText" text="1 year" resource-id="com.apnatime.debug:id/act_education_et_total_exp" checkable="false" checked="false" clickable="true" enabled="true" focusable="false" focused="false" long-clickable="true" password="false" scrollable="false" selected="false" bounds="[72,1335][999,1438]" displayed="true" /&gt;
                    &lt;/android.widget.FrameLayout&gt;
                  &lt;/android.widget.LinearLayout&gt;
                  &lt;android.widget.LinearLayout index="7" package="com.apnatime.debug" class="android.widget.LinearLayout" text="" resource-id="com.apnatime.debug:id/act_education_input_layout_job_title" checkable="false" checked="false" clickable="false" enabled="true" focusable="false" focused="false" long-clickable="false" password="false" scrollable="false" selected="false" bounds="[72,1474][999,1592]" displayed="true"&gt;
                    &lt;android.widget.FrameLayout index="0" package="com.apnatime.debug" class="android.widget.FrameLayout" text="" checkable="false" checked="false" clickable="false" enabled="true" focusable="false" focused="false" long-clickable="false" password="false" scrollable="false" selected="false" bounds="[72,1489][999,1592]" displayed="true"&gt;
                      &lt;android.widget.EditText index="0" package="com.apnatime.debug" class="android.widget.EditText" text="Software Tester" resource-id="com.apnatime.debug:id/act_profile_info_et_job_title" checkable="false" checked="false" clickable="true" enabled="true" focusable="true" focused="false" long-clickable="true" password="false" scrollable="false" selected="false" bounds="[72,1489][999,1592]" displayed="true" /&gt;
                    &lt;/android.widget.FrameLayout&gt;
                  &lt;/android.widget.LinearLayout&gt;
                  &lt;android.widget.LinearLayout index="8" package="com.apnatime.debug" class="android.widget.LinearLayout" text="" resource-id="com.apnatime.debug:id/act_education_input_layout_company_name" checkable="false" checked="false" clickable="false" enabled="true" focusable="false" focused="false" long-clickable="false" password="false" scrollable="false" selected="false" bounds="[72,1628][999,1746]" displayed="true"&gt;
                    &lt;android.widget.FrameLayout index="0" package="com.apnatime.debug" class="android.widget.FrameLayout" text="" checkable="false" checked="false" clickable="false" enabled="true" focusable="false" focused="false" long-clickable="false" password="false" scrollable="false" selected="false" bounds="[72,1643][999,1746]" displayed="true"&gt;
                      &lt;android.widget.EditText index="0" package="com.apnatime.debug" class="android.widget.EditText" text="Moolya Projects" resource-id="com.apnatime.debug:id/act_profile_info_et_company_name" checkable="false" checked="false" clickable="true" enabled="true" focusable="true" focused="true" long-clickable="true" password="false" scrollable="false" selected="false" bounds="[72,1643][999,1746]" displayed="true" /&gt;
                    &lt;/android.widget.FrameLayout&gt;
                  &lt;/android.widget.LinearLayout&gt;
                  &lt;android.view.ViewGroup index="9" package="com.apnatime.debug" class="android.view.ViewGroup" text="" resource-id="com.apnatime.debug:id/act_education_cl_salary" checkable="false" checked="false" clickable="false" enabled="true" focusable="false" focused="false" long-clickable="false" password="false" scrollable="false" selected="false" bounds="[0,1782][999,1938]" displayed="true"&gt;
                    &lt;android.widget.TextView index="0" package="com.apnatime.debug" class="android.widget.TextView" text="Current monthly salary" resource-id="com.apnatime.debug:id/act_education_tv_salary_title" checkable="false" checked="false" clickable="false" enabled="true" focusable="false" focused="false" long-clickable="false" password="false" scrollable="false" selected="false" bounds="[72,1782][810,1848]" displayed="true" /&gt;
                    &lt;android.widget.TextView index="1" package="com.apnatime.debug" class="android.widget.TextView" text="₹30,500" resource-id="com.apnatime.debug:id/act_education_tv_salary" checkable="false" checked="false" clickable="false" enabled="true" focusable="false" focused="false" long-clickable="false" password="false" scrollable="false" selected="false" bounds="[810,1782][963,1847]" displayed="true" /&gt;
                    &lt;android.widget.SeekBar index="2" package="com.apnatime.debug" class="android.widget.SeekBar" text="30762.0" resource-id="com.apnatime.debug:id/act_education_seekbar_salary" checkable="false" checked="false" clickable="false" enabled="true" focusable="true" focused="false" long-clickable="false" password="false" scrollable="false" selected="false" bounds="[36,1866][999,1938]" displayed="true" /&gt;
                  &lt;/android.view.ViewGroup&gt;
                &lt;/android.view.ViewGroup&gt;
              &lt;/android.widget.ScrollView&gt;
              &lt;androidx.appcompat.widget.LinearLayoutCompat index="1" package="com.apnatime.debug" class="androidx.appcompat.widget.LinearLayoutCompat" text="" resource-id="com.apnatime.debug:id/ll_error_message" checkable="false" checked="false" clickable="false" enabled="true" focusable="false" focused="false" long-clickable="false" password="false" scrollable="false" selected="false" bounds="[0,220][1080,291]" displayed="true"&gt;
                &lt;android.widget.TextView index="0" package="com.apnatime.debug" class="android.widget.TextView" text="Error updating profile. Please try again." resource-id="com.apnatime.debug:id/tv_error_message" checkable="false" checked="false" clickable="false" enabled="true" focusable="false" focused="false" long-clickable="false" password="false" scrollable="false" selected="false" bounds="[0,220][1080,291]" displayed="true" /&gt;
              &lt;/androidx.appcompat.widget.LinearLayoutCompat&gt;
              &lt;android.widget.Button index="2" package="com.apnatime.debug" class="android.widget.Button" text="Next" resource-id="com.apnatime.debug:id/act_education_btn_continue" checkable="false" checked="false" clickable="true" enabled="true" focusable="true" focused="false" long-clickable="false" password="false" scrollable="false" selected="false" bounds="[72,1944][1008,2076]" displayed="true" /&gt;
            &lt;/android.view.ViewGroup&gt;
          &lt;/android.widget.FrameLayout&gt;
        &lt;/android.view.ViewGroup&gt;
      &lt;/android.widget.FrameLayout&gt;
    &lt;/android.widget.LinearLayout&gt;
  &lt;/android.widget.FrameLayout&gt;
&lt;/hierarchy&gt;</msg>
<kw name="Capture Page Screenshot" library="AppiumLibrary">
<doc>Takes a screenshot of the current page and embeds it into the log.</doc>
<msg timestamp="20211124 11:39:18.089" level="INFO" html="true">&lt;/td&gt;&lt;/tr&gt;&lt;tr&gt;&lt;td colspan="3"&gt;&lt;a href="appium-screenshot-1.png"&gt;&lt;img src="appium-screenshot-1.png" width="800px"&gt;&lt;/a&gt;</msg>
<status status="PASS" starttime="20211124 11:39:17.426" endtime="20211124 11:39:18.090"/>
</kw>
<msg timestamp="20211124 11:39:18.094" level="FAIL">Text 'com.apnatime.debug:id/et_education' did not appear in 30 seconds</msg>
<status status="FAIL" starttime="20211124 11:38:46.780" endtime="20211124 11:39:18.096"/>
</kw>
<kw name="Click Element" library="AppiumLibrary">
<arg>${education}</arg>
<doc>Click element identified by `locator`.</doc>
<status status="NOT RUN" starttime="20211124 11:39:18.097" endtime="20211124 11:39:18.098"/>
</kw>
<kw name="Click Element At Coordinates" library="AppiumLibrary">
<arg>179</arg>
<arg>1796</arg>
<doc>click element at a certain coordinate</doc>
<status status="NOT RUN" starttime="20211124 11:39:18.098" endtime="20211124 11:39:18.098"/>
</kw>
<kw name="Click Element" library="AppiumLibrary">
<arg>${degree}</arg>
<doc>Click element identified by `locator`.</doc>
<status status="NOT RUN" starttime="20211124 11:39:18.098" endtime="20211124 11:39:18.098"/>
</kw>
<kw name="Input Text" library="AppiumLibrary">
<arg>${degree}</arg>
<arg>${degree name}</arg>
<doc>Types the given `text` into text field identified by `locator`.</doc>
<status status="NOT RUN" starttime="20211124 11:39:18.098" endtime="20211124 11:39:18.099"/>
</kw>
<kw name="Wait Until Page Contains" library="AppiumLibrary">
<arg>${search degree}</arg>
<doc>Waits until `text` appears on current page.</doc>
<status status="NOT RUN" starttime="20211124 11:39:18.099" endtime="20211124 11:39:18.099"/>
</kw>
<kw name="Click Text" library="AppiumLibrary">
<arg>${search degree}</arg>
<doc>Click text identified by ``text``.</doc>
<status status="NOT RUN" starttime="20211124 11:39:18.099" endtime="20211124 11:39:18.099"/>
</kw>
<kw name="Click Element" library="AppiumLibrary">
<arg>${college}</arg>
<doc>Click element identified by `locator`.</doc>
<status status="NOT RUN" starttime="20211124 11:39:18.100" endtime="20211124 11:39:18.100"/>
</kw>
<kw name="Input Text" library="AppiumLibrary">
<arg>${college}</arg>
<arg>${college name}</arg>
<doc>Types the given `text` into text field identified by `locator`.</doc>
<status status="NOT RUN" starttime="20211124 11:39:18.100" endtime="20211124 11:39:18.100"/>
</kw>
<kw name="Wait Until Page Contains" library="AppiumLibrary">
<arg>${search college}</arg>
<doc>Waits until `text` appears on current page.</doc>
<status status="NOT RUN" starttime="20211124 11:39:18.100" endtime="20211124 11:39:18.100"/>
</kw>
<kw name="Click Text" library="AppiumLibrary">
<arg>${search college}</arg>
<doc>Click text identified by ``text``.</doc>
<status status="NOT RUN" starttime="20211124 11:39:18.100" endtime="20211124 11:39:18.100"/>
</kw>
<kw name="Click Element" library="AppiumLibrary">
<arg>${move}</arg>
<doc>Click element identified by `locator`.</doc>
<status status="NOT RUN" starttime="20211124 11:39:18.100" endtime="20211124 11:39:18.101"/>
</kw>
<status status="FAIL" starttime="20211124 11:38:46.779" endtime="20211124 11:39:18.101"/>
</kw>
<status status="FAIL" starttime="20211124 11:38:31.577" endtime="20211124 11:39:18.103">Text 'com.apnatime.debug:id/et_education' did not appear in 30 seconds</status>
</test>
<test id="s1-t5" name="Choose the desired job category,gallary,contact details and proceed">
<kw name="Choose job category and give next" library="apna app">
<kw name="Wait Until Page Contains" library="AppiumLibrary">
<arg>${choose category}</arg>
<arg>timeout=30s</arg>
<doc>Waits until `text` appears on current page.</doc>
<msg timestamp="20211124 11:39:48.450" level="INFO">&lt;?xml version='1.0' encoding='UTF-8' standalone='yes' ?&gt;
&lt;hierarchy index="0" class="hierarchy" rotation="0" width="1080" height="2148"&gt;
  &lt;android.widget.FrameLayout index="0" package="com.apnatime.debug" class="android.widget.FrameLayout" text="" checkable="false" checked="false" clickable="false" enabled="true" focusable="false" focused="false" long-clickable="false" password="false" scrollable="false" selected="false" bounds="[0,0][1080,2148]" displayed="true"&gt;
    &lt;android.widget.LinearLayout index="0" package="com.apnatime.debug" class="android.widget.LinearLayout" text="" checkable="false" checked="false" clickable="false" enabled="true" focusable="false" focused="false" long-clickable="false" password="false" scrollable="false" selected="false" bounds="[0,0][1080,2148]" displayed="true"&gt;
      &lt;android.widget.FrameLayout index="0" package="com.apnatime.debug" class="android.widget.FrameLayout" text="" checkable="false" checked="false" clickable="false" enabled="true" focusable="false" focused="false" long-clickable="false" password="false" scrollable="false" selected="false" bounds="[0,66][1080,2148]" displayed="true"&gt;
        &lt;android.view.ViewGroup index="0" package="com.apnatime.debug" class="android.view.ViewGroup" text="" resource-id="com.apnatime.debug:id/decor_content_parent" checkable="false" checked="false" clickable="false" enabled="true" focusable="false" focused="false" long-clickable="false" password="false" scrollable="false" selected="false" bounds="[0,66][1080,2148]" displayed="true"&gt;
          &lt;android.widget.FrameLayout index="0" package="com.apnatime.debug" class="android.widget.FrameLayout" text="" resource-id="com.apnatime.debug:id/action_bar_container" checkable="false" checked="false" clickable="false" enabled="true" focusable="false" focused="false" long-clickable="false" password="false" scrollable="false" selected="false" bounds="[0,66][1080,220]" displayed="true"&gt;
            &lt;android.view.ViewGroup index="0" package="com.apnatime.debug" class="android.view.ViewGroup" text="" resource-id="com.apnatime.debug:id/action_bar" checkable="false" checked="false" clickable="false" enabled="true" focusable="false" focused="false" long-clickable="false" password="false" scrollable="false" selected="false" bounds="[0,66][1080,220]" displayed="true"&gt;
              &lt;android.widget.ImageButton index="0" package="com.apnatime.debug" class="android.widget.ImageButton" text="" content-desc="Navigate up" checkable="false" checked="false" clickable="true" enabled="true" focusable="true" focused="false" long-clickable="false" password="false" scrollable="false" selected="false" bounds="[0,66][154,220]" displayed="true" /&gt;
              &lt;android.widget.TextView index="1" package="com.apnatime.debug" class="android.widget.TextView" text="apna" checkable="false" checked="false" clickable="false" enabled="true" focusable="false" focused="false" long-clickable="false" password="false" scrollable="false" selected="false" bounds="[198,91][347,194]" displayed="true" /&gt;
            &lt;/android.view.ViewGroup&gt;
          &lt;/android.widget.FrameLayout&gt;
          &lt;android.widget.FrameLayout index="1" package="com.apnatime.debug" class="android.widget.FrameLayout" text="" resource-id="android:id/content" checkable="false" checked="false" clickable="false" enabled="true" focusable="false" focused="false" long-clickable="false" password="false" scrollable="false" selected="false" bounds="[0,220][1080,2148]" displayed="true"&gt;
            &lt;android.view.ViewGroup index="0" package="com.apnatime.debug" class="android.view.ViewGroup" text="" resource-id="com.apnatime.debug:id/clRootEducation" checkable="false" checked="false" clickable="false" enabled="true" focusable="false" focused="false" long-clickable="false" password="false" scrollable="false" selected="false" bounds="[0,220][1080,2148]" displayed="true"&gt;
              &lt;android.widget.ScrollView index="0" package="com.apnatime.debug" class="android.widget.ScrollView" text="" resource-id="com.apnatime.debug:id/act_education_scrollview" checkable="false" checked="false" clickable="false" enabled="true" focusable="true" focused="false" long-clickable="false" password="false" scrollable="true" selected="false" bounds="[0,220][1080,1944]" displayed="true"&gt;
                &lt;android.view.ViewGroup index="0" package="com.apnatime.debug" class="android.view.ViewGroup" text="" checkable="false" checked="false" clickable="false" enabled="true" focusable="false" focused="false" long-clickable="false" password="false" scrollable="false" selected="false" bounds="[0,220][1080,1944]" displayed="true"&gt;
                  &lt;android.view.View index="0" package="com.apnatime.debug" class="android.view.View" text="" checkable="false" checked="false" clickable="false" enabled="true" focusable="false" focused="false" long-clickable="false" password="false" scrollable="false" selected="false" bounds="[0,220][1080,750]" displayed="true" /&gt;
                  &lt;android.widget.TextView index="1" package="com.apnatime.debug" class="android.widget.TextView" text="Let us make your visiting card" resource-id="com.apnatime.debug:id/act_education_tv_title" checkable="false" checked="false" clickable="false" enabled="true" focusable="false" focused="false" long-clickable="false" password="false" scrollable="false" selected="false" bounds="[0,268][1080,371]" displayed="true" /&gt;
                  &lt;android.widget.LinearLayout index="2" package="com.apnatime.debug" class="android.widget.LinearLayout" text="" resource-id="com.apnatime.debug:id/act_education_visitingcard" checkable="false" checked="false" clickable="false" enabled="true" focusable="false" focused="false" long-clickable="false" password="false" scrollable="false" selected="false" bounds="[29,382][1051,954]" displayed="true"&gt;
                    &lt;android.view.ViewGroup index="0" package="com.apnatime.debug" class="android.view.ViewGroup" text="" checkable="false" checked="false" clickable="false" enabled="true" focusable="false" focused="false" long-clickable="false" password="false" scrollable="false" selected="false" bounds="[29,382][1051,954]" displayed="true"&gt;
                      &lt;android.widget.FrameLayout index="0" package="com.apnatime.debug" class="android.widget.FrameLayout" text="" resource-id="com.apnatime.debug:id/row_car_card_view" checkable="false" checked="false" clickable="false" enabled="true" focusable="false" focused="false" long-clickable="false" password="false" scrollable="false" selected="false" bounds="[72,399][1008,937]" displayed="true"&gt;
                        &lt;android.view.ViewGroup index="0" package="com.apnatime.debug" class="android.view.ViewGroup" text="" checkable="false" checked="false" clickable="false" enabled="true" focusable="false" focused="false" long-clickable="false" password="false" scrollable="false" selected="false" bounds="[72,399][1008,937]" displayed="true"&gt;
                          &lt;android.view.View index="0" package="com.apnatime.debug" class="android.view.View" text="" resource-id="com.apnatime.debug:id/row_card_ll_take_picture" checkable="false" checked="false" clickable="true" enabled="true" focusable="true" focused="false" long-clickable="false" password="false" scrollable="false" selected="false" bounds="[72,399][353,937]" displayed="true" /&gt;
                          &lt;android.widget.ImageView index="1" package="com.apnatime.debug" class="android.widget.ImageView" text="" resource-id="com.apnatime.debug:id/row_card_img_profile" checkable="false" checked="false" clickable="true" enabled="true" focusable="true" focused="false" long-clickable="false" password="false" scrollable="false" selected="false" bounds="[72,399][353,937]" displayed="true" /&gt;
                          &lt;android.view.View index="2" package="com.apnatime.debug" class="android.view.View" text="" checkable="false" checked="false" clickable="false" enabled="true" focusable="false" focused="false" long-clickable="false" password="false" scrollable="false" selected="false" bounds="[353,399][1008,937]" displayed="true" /&gt;
                          &lt;android.widget.TextView index="3" package="com.apnatime.debug" class="android.widget.TextView" text="Hitha" resource-id="com.apnatime.debug:id/row_card_tv_name" checkable="false" checked="false" clickable="false" enabled="true" focusable="false" focused="false" long-clickable="false" password="false" scrollable="false" selected="false" bounds="[359,523][925,583]" displayed="true" /&gt;
                          &lt;android.widget.TextView index="4" package="com.apnatime.debug" class="android.widget.TextView" text="Software Tester at Moolya Projects" resource-id="com.apnatime.debug:id/row_card_tv_job_desc" checkable="false" checked="false" clickable="false" enabled="true" focusable="false" focused="false" long-clickable="false" password="false" scrollable="false" selected="false" bounds="[410,583][925,671]" displayed="true" /&gt;
                          &lt;android.view.ViewGroup index="5" package="com.apnatime.debug" class="android.view.ViewGroup" text="" resource-id="com.apnatime.debug:id/education_container" checkable="false" checked="false" clickable="false" enabled="true" focusable="false" focused="false" long-clickable="false" password="false" scrollable="false" selected="false" bounds="[571,682][925,726]" displayed="true"&gt;
                            &lt;android.widget.TextView index="0" package="com.apnatime.debug" class="android.widget.TextView" text="1 year" resource-id="com.apnatime.debug:id/row_card_tv_experience" checkable="false" checked="false" clickable="false" enabled="true" focusable="false" focused="false" long-clickable="false" password="false" scrollable="false" selected="false" bounds="[828,682][925,726]" displayed="true" /&gt;
                          &lt;/android.view.ViewGroup&gt;
                          &lt;android.widget.FrameLayout index="6" package="com.apnatime.debug" class="android.widget.FrameLayout" text="" resource-id="com.apnatime.debug:id/frame" checkable="false" checked="false" clickable="false" enabled="true" focusable="false" focused="false" long-clickable="false" password="false" scrollable="false" selected="false" bounds="[353,842][1008,937]" displayed="true"&gt;
                            &lt;android.widget.TextView index="0" package="com.apnatime.debug" class="android.widget.TextView" text="Bengaluru" resource-id="com.apnatime.debug:id/row_card_tv_mobile" checkable="false" checked="false" clickable="false" enabled="true" focusable="false" focused="false" long-clickable="false" password="false" scrollable="false" selected="false" bounds="[692,864][964,915]" displayed="true" /&gt;
                          &lt;/android.widget.FrameLayout&gt;
                        &lt;/android.view.ViewGroup&gt;
                      &lt;/android.widget.FrameLayout&gt;
                    &lt;/android.view.ViewGroup&gt;
                  &lt;/android.widget.LinearLayout&gt;
                  &lt;android.widget.TextView index="3" package="com.apnatime.debug" class="android.widget.TextView" text="Do you have any work experience?" resource-id="com.apnatime.debug:id/act_education_tv_select_one" checkable="false" checked="false" clickable="false" enabled="true" focusable="false" focused="false" long-clickable="false" password="false" scrollable="false" selected="false" bounds="[202,1040][878,1106]" displayed="true" /&gt;
                  &lt;android.widget.Button index="4" package="com.apnatime.debug" class="android.widget.Button" text="YES" resource-id="com.apnatime.debug:id/act_education_btn_experience" checkable="false" checked="false" clickable="true" enabled="true" focusable="true" focused="false" long-clickable="false" password="false" scrollable="false" selected="false" bounds="[259,1149][540,1284]" displayed="true" /&gt;
                  &lt;android.widget.Button index="5" package="com.apnatime.debug" class="android.widget.Button" text="NO" resource-id="com.apnatime.debug:id/act_education_btn_fresher" checkable="false" checked="false" clickable="true" enabled="true" focusable="true" focused="false" long-clickable="false" password="false" scrollable="false" selected="false" bounds="[555,1149][821,1284]" displayed="true" /&gt;
                  &lt;android.widget.LinearLayout index="6" package="com.apnatime.debug" class="android.widget.LinearLayout" text="" resource-id="com.apnatime.debug:id/act_education_input_layout_exp" checkable="false" checked="false" clickable="false" enabled="true" focusable="false" focused="false" long-clickable="false" password="false" scrollable="false" selected="false" bounds="[72,1320][999,1438]" displayed="true"&gt;
                    &lt;android.widget.FrameLayout index="0" package="com.apnatime.debug" class="android.widget.FrameLayout" text="" checkable="false" checked="false" clickable="false" enabled="true" focusable="false" focused="false" long-clickable="false" password="false" scrollable="false" selected="false" bounds="[72,1335][999,1438]" displayed="true"&gt;
                      &lt;android.widget.EditText index="0" package="com.apnatime.debug" class="android.widget.EditText" text="1 year" resource-id="com.apnatime.debug:id/act_education_et_total_exp" checkable="false" checked="false" clickable="true" enabled="true" focusable="false" focused="false" long-clickable="true" password="false" scrollable="false" selected="false" bounds="[72,1335][999,1438]" displayed="true" /&gt;
                    &lt;/android.widget.FrameLayout&gt;
                  &lt;/android.widget.LinearLayout&gt;
                  &lt;android.widget.LinearLayout index="7" package="com.apnatime.debug" class="android.widget.LinearLayout" text="" resource-id="com.apnatime.debug:id/act_education_input_layout_job_title" checkable="false" checked="false" clickable="false" enabled="true" focusable="false" focused="false" long-clickable="false" password="false" scrollable="false" selected="false" bounds="[72,1474][999,1592]" displayed="true"&gt;
                    &lt;android.widget.FrameLayout index="0" package="com.apnatime.debug" class="android.widget.FrameLayout" text="" checkable="false" checked="false" clickable="false" enabled="true" focusable="false" focused="false" long-clickable="false" password="false" scrollable="false" selected="false" bounds="[72,1489][999,1592]" displayed="true"&gt;
                      &lt;android.widget.EditText index="0" package="com.apnatime.debug" class="android.widget.EditText" text="Software Tester" resource-id="com.apnatime.debug:id/act_profile_info_et_job_title" checkable="false" checked="false" clickable="true" enabled="true" focusable="true" focused="false" long-clickable="true" password="false" scrollable="false" selected="false" bounds="[72,1489][999,1592]" displayed="true" /&gt;
                    &lt;/android.widget.FrameLayout&gt;
                  &lt;/android.widget.LinearLayout&gt;
                  &lt;android.widget.LinearLayout index="8" package="com.apnatime.debug" class="android.widget.LinearLayout" text="" resource-id="com.apnatime.debug:id/act_education_input_layout_company_name" checkable="false" checked="false" clickable="false" enabled="true" focusable="false" focused="false" long-clickable="false" password="false" scrollable="false" selected="false" bounds="[72,1628][999,1746]" displayed="true"&gt;
                    &lt;android.widget.FrameLayout index="0" package="com.apnatime.debug" class="android.widget.FrameLayout" text="" checkable="false" checked="false" clickable="false" enabled="true" focusable="false" focused="false" long-clickable="false" password="false" scrollable="false" selected="false" bounds="[72,1643][999,1746]" displayed="true"&gt;
                      &lt;android.widget.EditText index="0" package="com.apnatime.debug" class="android.widget.EditText" text="Moolya Projects" resource-id="com.apnatime.debug:id/act_profile_info_et_company_name" checkable="false" checked="false" clickable="true" enabled="true" focusable="true" focused="true" long-clickable="true" password="false" scrollable="false" selected="false" bounds="[72,1643][999,1746]" displayed="true" /&gt;
                    &lt;/android.widget.FrameLayout&gt;
                  &lt;/android.widget.LinearLayout&gt;
                  &lt;android.view.ViewGroup index="9" package="com.apnatime.debug" class="android.view.ViewGroup" text="" resource-id="com.apnatime.debug:id/act_education_cl_salary" checkable="false" checked="false" clickable="false" enabled="true" focusable="false" focused="false" long-clickable="false" password="false" scrollable="false" selected="false" bounds="[0,1782][999,1938]" displayed="true"&gt;
                    &lt;android.widget.TextView index="0" package="com.apnatime.debug" class="android.widget.TextView" text="Current monthly salary" resource-id="com.apnatime.debug:id/act_education_tv_salary_title" checkable="false" checked="false" clickable="false" enabled="true" focusable="false" focused="false" long-clickable="false" password="false" scrollable="false" selected="false" bounds="[72,1782][810,1848]" displayed="true" /&gt;
                    &lt;android.widget.TextView index="1" package="com.apnatime.debug" class="android.widget.TextView" text="₹30,500" resource-id="com.apnatime.debug:id/act_education_tv_salary" checkable="false" checked="false" clickable="false" enabled="true" focusable="false" focused="false" long-clickable="false" password="false" scrollable="false" selected="false" bounds="[810,1782][963,1847]" displayed="true" /&gt;
                    &lt;android.widget.SeekBar index="2" package="com.apnatime.debug" class="android.widget.SeekBar" text="30762.0" resource-id="com.apnatime.debug:id/act_education_seekbar_salary" checkable="false" checked="false" clickable="false" enabled="true" focusable="true" focused="false" long-clickable="false" password="false" scrollable="false" selected="false" bounds="[36,1866][999,1938]" displayed="true" /&gt;
                  &lt;/android.view.ViewGroup&gt;
                &lt;/android.view.ViewGroup&gt;
              &lt;/android.widget.ScrollView&gt;
              &lt;androidx.appcompat.widget.LinearLayoutCompat index="1" package="com.apnatime.debug" class="androidx.appcompat.widget.LinearLayoutCompat" text="" resource-id="com.apnatime.debug:id/ll_error_message" checkable="false" checked="false" clickable="false" enabled="true" focusable="false" focused="false" long-clickable="false" password="false" scrollable="false" selected="false" bounds="[0,220][1080,291]" displayed="true"&gt;
                &lt;android.widget.TextView index="0" package="com.apnatime.debug" class="android.widget.TextView" text="Error updating profile. Please try again." resource-id="com.apnatime.debug:id/tv_error_message" checkable="false" checked="false" clickable="false" enabled="true" focusable="false" focused="false" long-clickable="false" password="false" scrollable="false" selected="false" bounds="[0,220][1080,291]" displayed="true" /&gt;
              &lt;/androidx.appcompat.widget.LinearLayoutCompat&gt;
              &lt;android.widget.Button index="2" package="com.apnatime.debug" class="android.widget.Button" text="Next" resource-id="com.apnatime.debug:id/act_education_btn_continue" checkable="false" checked="false" clickable="true" enabled="true" focusable="true" focused="false" long-clickable="false" password="false" scrollable="false" selected="false" bounds="[72,1944][1008,2076]" displayed="true" /&gt;
            &lt;/android.view.ViewGroup&gt;
          &lt;/android.widget.FrameLayout&gt;
        &lt;/android.view.ViewGroup&gt;
      &lt;/android.widget.FrameLayout&gt;
    &lt;/android.widget.LinearLayout&gt;
  &lt;/android.widget.FrameLayout&gt;
&lt;/hierarchy&gt;</msg>
<kw name="Capture Page Screenshot" library="AppiumLibrary">
<doc>Takes a screenshot of the current page and embeds it into the log.</doc>
<msg timestamp="20211124 11:39:49.233" level="INFO" html="true">&lt;/td&gt;&lt;/tr&gt;&lt;tr&gt;&lt;td colspan="3"&gt;&lt;a href="appium-screenshot-2.png"&gt;&lt;img src="appium-screenshot-2.png" width="800px"&gt;&lt;/a&gt;</msg>
<status status="PASS" starttime="20211124 11:39:48.450" endtime="20211124 11:39:49.234"/>
</kw>
<msg timestamp="20211124 11:39:49.235" level="FAIL">Text 'Choose from Other available categories' did not appear in 30 seconds</msg>
<status status="FAIL" starttime="20211124 11:39:18.106" endtime="20211124 11:39:49.235"/>
</kw>
<kw name="Click Element" library="AppiumLibrary">
<arg>${category}</arg>
<doc>Click element identified by `locator`.</doc>
<status status="NOT RUN" starttime="20211124 11:39:49.236" endtime="20211124 11:39:49.236"/>
</kw>
<kw name="Wait Until Page Contains" library="AppiumLibrary">
<arg>${category name}</arg>
<arg>timeout=30s</arg>
<doc>Waits until `text` appears on current page.</doc>
<status status="NOT RUN" starttime="20211124 11:39:49.236" endtime="20211124 11:39:49.236"/>
</kw>
<kw name="Click Text" library="AppiumLibrary">
<arg>${category name}</arg>
<doc>Click text identified by ``text``.</doc>
<status status="NOT RUN" starttime="20211124 11:39:49.236" endtime="20211124 11:39:49.236"/>
</kw>
<kw name="Click Text" library="AppiumLibrary">
<arg>${select category}</arg>
<doc>Click text identified by ``text``.</doc>
<status status="NOT RUN" starttime="20211124 11:39:49.236" endtime="20211124 11:39:49.237"/>
</kw>
<kw name="Wait Until Page Contains" library="AppiumLibrary">
<arg>${click next}</arg>
<arg>timeout=30s</arg>
<doc>Waits until `text` appears on current page.</doc>
<status status="NOT RUN" starttime="20211124 11:39:49.237" endtime="20211124 11:39:49.237"/>
</kw>
<kw name="Click Element" library="AppiumLibrary">
<arg>${click next}</arg>
<doc>Click element identified by `locator`.</doc>
<status status="NOT RUN" starttime="20211124 11:39:49.237" endtime="20211124 11:39:49.237"/>
</kw>
<status status="FAIL" starttime="20211124 11:39:18.106" endtime="20211124 11:39:49.238"/>
</kw>
<kw name="Then give gallary details and click next" library="apna app">
<status status="NOT RUN" starttime="20211124 11:39:49.254" endtime="20211124 11:39:49.255"/>
</kw>
<kw name="Enter contact details and give next" library="apna app">
<status status="NOT RUN" starttime="20211124 11:39:49.255" endtime="20211124 11:39:49.255"/>
</kw>
<status status="FAIL" starttime="20211124 11:39:18.105" endtime="20211124 11:39:49.256">Text 'Choose from Other available categories' did not appear in 30 seconds</status>
</test>
<status status="FAIL" starttime="20211124 11:37:17.929" endtime="20211124 11:39:49.259"/>
</suite>
<statistics>
<total>
<stat pass="3" fail="2" skip="0">All Tests</stat>
</total>
<tag>
</tag>
<suite>
<stat pass="3" fail="2" skip="0" id="s1" name="Apna">Apna</stat>
</suite>
</statistics>
<errors>
</errors>
</robot>
